  [1m[35m (0.1ms)[0m  [1m[34mSELECT sqlite_version(*)[0m
  ↳ /Users/alexhare/.rvm/rubies/ruby-2.6.1/lib/ruby/gems/2.6.0/gems/rake-12.3.2/lib/rake/task.rb:273
  [1m[35m (2.6ms)[0m  [1m[35mCREATE TABLE "schema_migrations" ("version" varchar NOT NULL PRIMARY KEY)[0m
  ↳ /Users/alexhare/.rvm/rubies/ruby-2.6.1/lib/ruby/gems/2.6.0/gems/rake-12.3.2/lib/rake/task.rb:273
  [1m[35m (1.1ms)[0m  [1m[35mCREATE TABLE "ar_internal_metadata" ("key" varchar NOT NULL PRIMARY KEY, "value" varchar, "created_at" datetime NOT NULL, "updated_at" datetime NOT NULL)[0m
  ↳ /Users/alexhare/.rvm/rubies/ruby-2.6.1/lib/ruby/gems/2.6.0/gems/rake-12.3.2/lib/rake/task.rb:273
  [1m[35m (0.1ms)[0m  [1m[34mSELECT "schema_migrations"."version" FROM "schema_migrations" ORDER BY "schema_migrations"."version" ASC[0m
  ↳ /Users/alexhare/.rvm/rubies/ruby-2.6.1/lib/ruby/gems/2.6.0/gems/rake-12.3.2/lib/rake/task.rb:273
Migrating to CreateUsers (20190617224637)
  [1m[35m (0.0ms)[0m  [1m[36mbegin transaction[0m
  ↳ /Users/alexhare/.rvm/rubies/ruby-2.6.1/lib/ruby/gems/2.6.0/gems/rake-12.3.2/lib/rake/task.rb:273
  [1m[35m (0.5ms)[0m  [1m[35mCREATE TABLE "users" ("id" integer PRIMARY KEY AUTOINCREMENT NOT NULL, "name" varchar, "location" varchar, "username" varchar, "password_digest" varchar, "created_at" datetime NOT NULL, "updated_at" datetime NOT NULL)[0m
  ↳ db/migrate/20190617224637_create_users.rb:3
  [1m[36mActiveRecord::SchemaMigration Create (0.2ms)[0m  [1m[32mINSERT INTO "schema_migrations" ("version") VALUES (?)[0m  [["version", "20190617224637"]]
  ↳ /Users/alexhare/.rvm/rubies/ruby-2.6.1/lib/ruby/gems/2.6.0/gems/rake-12.3.2/lib/rake/task.rb:273
  [1m[35m (0.7ms)[0m  [1m[36mcommit transaction[0m
  ↳ /Users/alexhare/.rvm/rubies/ruby-2.6.1/lib/ruby/gems/2.6.0/gems/rake-12.3.2/lib/rake/task.rb:273
  [1m[36mActiveRecord::InternalMetadata Load (0.1ms)[0m  [1m[34mSELECT  "ar_internal_metadata".* FROM "ar_internal_metadata" WHERE "ar_internal_metadata"."key" = ? LIMIT ?[0m  [["key", "environment"], ["LIMIT", 1]]
  ↳ /Users/alexhare/.rvm/rubies/ruby-2.6.1/lib/ruby/gems/2.6.0/gems/rake-12.3.2/lib/rake/task.rb:273
  [1m[35m (0.0ms)[0m  [1m[36mbegin transaction[0m
  ↳ /Users/alexhare/.rvm/rubies/ruby-2.6.1/lib/ruby/gems/2.6.0/gems/rake-12.3.2/lib/rake/task.rb:273
  [1m[36mActiveRecord::InternalMetadata Create (0.3ms)[0m  [1m[32mINSERT INTO "ar_internal_metadata" ("key", "value", "created_at", "updated_at") VALUES (?, ?, ?, ?)[0m  [["key", "environment"], ["value", "development"], ["created_at", "2019-06-18 14:40:03.810702"], ["updated_at", "2019-06-18 14:40:03.810702"]]
  ↳ /Users/alexhare/.rvm/rubies/ruby-2.6.1/lib/ruby/gems/2.6.0/gems/rake-12.3.2/lib/rake/task.rb:273
  [1m[35m (0.6ms)[0m  [1m[36mcommit transaction[0m
  ↳ /Users/alexhare/.rvm/rubies/ruby-2.6.1/lib/ruby/gems/2.6.0/gems/rake-12.3.2/lib/rake/task.rb:273
  [1m[35m (0.1ms)[0m  [1m[34mSELECT "schema_migrations"."version" FROM "schema_migrations" ORDER BY "schema_migrations"."version" ASC[0m
  ↳ /Users/alexhare/.rvm/rubies/ruby-2.6.1/lib/ruby/gems/2.6.0/gems/rake-12.3.2/lib/rake/task.rb:273
Started GET "/" for ::1 at 2019-06-18 10:40:31 -0500
  [1m[35m (0.5ms)[0m  [1m[34mSELECT "schema_migrations"."version" FROM "schema_migrations" ORDER BY "schema_migrations"."version" ASC[0m
  ↳ /Users/alexhare/.rvm/gems/ruby-2.6.1/gems/activerecord-5.2.3/lib/active_record/log_subscriber.rb:98
Processing by Rails::WelcomeController#index as HTML
  Rendering /Users/alexhare/.rvm/gems/ruby-2.6.1/gems/railties-5.2.3/lib/rails/templates/rails/welcome/index.html.erb
  Rendered /Users/alexhare/.rvm/gems/ruby-2.6.1/gems/railties-5.2.3/lib/rails/templates/rails/welcome/index.html.erb (3.4ms)
Completed 200 OK in 16ms (Views: 9.1ms | ActiveRecord: 0.0ms)


Started GET "/users/new" for ::1 at 2019-06-18 10:40:50 -0500
Processing by UsersController#new as HTML
  Rendering users/new.html.erb within layouts/application
  Rendered users/new.html.erb within layouts/application (23.0ms)
Completed 200 OK in 589ms (Views: 577.3ms | ActiveRecord: 0.8ms)


Started GET "/users/new" for ::1 at 2019-06-18 10:41:39 -0500
Processing by UsersController#new as HTML
  Rendering users/new.html.erb within layouts/application
  Rendered users/new.html.erb within layouts/application (2.6ms)
Completed 200 OK in 57ms (Views: 55.8ms | ActiveRecord: 0.0ms)


Started POST "/users" for ::1 at 2019-06-18 10:42:24 -0500
Processing by UsersController#create as HTML
  Parameters: {"utf8"=>"✓", "authenticity_token"=>"kwmJJ/Iu//cugjSz5ZKY0sTxblYoWvj/6Q9XHNi/LlwXcDbV0d1nc0ZIhsjdIfALIpUUDlAV1uv+AeGlcvVPEg==", "user"=>{"name"=>"akjshd", "username"=>"skjdfh", "password"=>"[FILTERED]", "password_confirmation"=>"[FILTERED]"}, "commit"=>"Create User"}
  [1m[35m (0.1ms)[0m  [1m[36mbegin transaction[0m
  ↳ app/controllers/users_controller.rb:11
  [1m[36mUser Create (1.4ms)[0m  [1m[32mINSERT INTO "users" ("name", "username", "password_digest", "created_at", "updated_at") VALUES (?, ?, ?, ?, ?)[0m  [["name", "akjshd"], ["username", "skjdfh"], ["password_digest", "$2a$10$w203BxAfXDDbRvb99SoVLeuYQFhFpH1ayA8Ikq9osMtr34jLpSybm"], ["created_at", "2019-06-18 15:42:25.030738"], ["updated_at", "2019-06-18 15:42:25.030738"]]
  ↳ app/controllers/users_controller.rb:11
  [1m[35m (1.3ms)[0m  [1m[36mcommit transaction[0m
  ↳ app/controllers/users_controller.rb:11
Redirected to http://localhost:3000/users/1
Completed 302 Found in 70ms (ActiveRecord: 2.8ms)


Started GET "/users/1" for ::1 at 2019-06-18 10:42:25 -0500
Processing by UsersController#show as HTML
  Parameters: {"id"=>"1"}
  Rendering users/show.html.erb within layouts/application
  Rendered users/show.html.erb within layouts/application (0.3ms)
Completed 200 OK in 15ms (Views: 14.0ms | ActiveRecord: 0.0ms)


Started GET "/users/1" for ::1 at 2019-06-18 10:43:26 -0500
Processing by UsersController#show as HTML
  Parameters: {"id"=>"1"}
  [1m[36mUser Load (0.2ms)[0m  [1m[34mSELECT  "users".* FROM "users" WHERE "users"."id" = ? LIMIT ?[0m  [["id", 1], ["LIMIT", 1]]
  ↳ app/controllers/users_controller.rb:7
  Rendering users/show.html.erb within layouts/application
  Rendered users/show.html.erb within layouts/application (0.7ms)
Completed 200 OK in 36ms (Views: 15.2ms | ActiveRecord: 0.9ms)


Started GET "/sessions/new" for ::1 at 2019-06-18 10:51:59 -0500

SyntaxError (/Users/alexhare/dev/Group Projects/sow_what/app/controllers/sessions_controller.rb:11: syntax error, unexpected tIDENTIFIER, expecting do or '{' or '('
...rs = [“Invalid credentials”]
...                 ^~~~~~~~~~~~~~):

app/controllers/sessions_controller.rb:11: syntax error, unexpected tIDENTIFIER, expecting do or '{' or '('
Started GET "/sessions/new" for ::1 at 2019-06-18 10:52:53 -0500

SyntaxError (/Users/alexhare/dev/Group Projects/sow_what/app/controllers/sessions_controller.rb:11: syntax error, unexpected tIDENTIFIER, expecting do or '{' or '('
...s = ([“Invalid credentials”])
...                 ^~~~~~~~~~~~~~
/Users/alexhare/dev/Group Projects/sow_what/app/controllers/sessions_controller.rb:13: syntax error, unexpected end, expecting ')'
		end
		^~~
/Users/alexhare/dev/Group Projects/sow_what/app/controllers/sessions_controller.rb:18: syntax error, unexpected end, expecting ')'):

app/controllers/sessions_controller.rb:11: syntax error, unexpected tIDENTIFIER, expecting do or '{' or '('
app/controllers/sessions_controller.rb:13: syntax error, unexpected end, expecting ')'
app/controllers/sessions_controller.rb:18: syntax error, unexpected end, expecting ')'
Started GET "/sessions/new" for ::1 at 2019-06-18 10:53:28 -0500
Processing by SessionsController#new as HTML
  Rendering sessions/new.html.erb within layouts/application
  Rendered sessions/new.html.erb within layouts/application (191.5ms)
Completed 500 Internal Server Error in 195ms (ActiveRecord: 0.0ms)



ActionView::Template::Error (undefined local variable or method `“Login”' for #<#<Class:0x00007fc8682fc190>:0x00007fc868306640>):
     8: 		<p><%= text_field_tag :username %></p>
     9: 		<p><%= label_tag :password %></p>
    10: 		<p><%= password_field_tag :password %></p>
    11: 		<p><% submit_tag “Login”%></p>
    12: 	<% end %>

app/views/sessions/new.html.erb:11:in `block in _app_views_sessions_new_html_erb__1633873667557503307_70249359074520'
app/views/sessions/new.html.erb:6:in `_app_views_sessions_new_html_erb__1633873667557503307_70249359074520'
Started GET "/sessions/new" for ::1 at 2019-06-18 10:53:56 -0500
Processing by SessionsController#new as HTML
  Rendering sessions/new.html.erb within layouts/application
  Rendered sessions/new.html.erb within layouts/application (1.3ms)
Completed 200 OK in 38ms (Views: 36.5ms | ActiveRecord: 0.0ms)


Started GET "/sessions/new" for ::1 at 2019-06-18 10:54:07 -0500
Processing by SessionsController#new as HTML
  Rendering sessions/new.html.erb within layouts/application
  Rendered sessions/new.html.erb within layouts/application (1.5ms)
Completed 200 OK in 42ms (Views: 39.9ms | ActiveRecord: 0.0ms)


  [1m[36mUser Load (0.1ms)[0m  [1m[34mSELECT  "users".* FROM "users" ORDER BY "users"."id" ASC LIMIT ?[0m  [["LIMIT", 1]]
Started POST "/sessions" for ::1 at 2019-06-18 10:55:41 -0500
Processing by SessionsController#create as HTML
  Parameters: {"utf8"=>"✓", "authenticity_token"=>"2womytC0uuDEUhbcb75/RSSP7BXJikRcXdRjnW66jtJfc5k480ciZKyYpKdXDRecwuuWTbHFakhK2tUkxPDvnA==", "username"=>"sam", "password"=>"[FILTERED]", "commit"=>"Login"}
  [1m[36mUser Load (0.1ms)[0m  [1m[34mSELECT  "users".* FROM "users" WHERE "users"."username" = ? LIMIT ?[0m  [["username", "sam"], ["LIMIT", 1]]
  ↳ app/controllers/sessions_controller.rb:6
  Rendering sessions/new.html.erb within layouts/application
  Rendered sessions/new.html.erb within layouts/application (1.1ms)
Completed 200 OK in 27ms (Views: 13.3ms | ActiveRecord: 0.4ms)


Started POST "/sessions" for ::1 at 2019-06-18 10:55:48 -0500
Processing by SessionsController#create as HTML
  Parameters: {"utf8"=>"✓", "authenticity_token"=>"xE1kS7xp1XfyaB8qyqyuJdH1+r7rHCLABIlyZaKFPApANNu5n5pN85qirVHyH8b8N5GA5pNTDNQTh8TcCM9dRA==", "username"=>"sam", "password"=>"[FILTERED]", "commit"=>"Login"}
  [1m[36mUser Load (0.2ms)[0m  [1m[34mSELECT  "users".* FROM "users" WHERE "users"."username" = ? LIMIT ?[0m  [["username", "sam"], ["LIMIT", 1]]
  ↳ app/controllers/sessions_controller.rb:6
  Rendering sessions/new.html.erb within layouts/application
  Rendered sessions/new.html.erb within layouts/application (1.2ms)
Completed 200 OK in 16ms (Views: 14.3ms | ActiveRecord: 0.2ms)


  [1m[36mUser Load (0.1ms)[0m  [1m[34mSELECT  "users".* FROM "users" ORDER BY "users"."id" ASC LIMIT ?[0m  [["LIMIT", 1]]
  [1m[35m (0.1ms)[0m  [1m[36mbegin transaction[0m
  [1m[36mUser Update (0.7ms)[0m  [1m[33mUPDATE "users" SET "name" = ?, "username" = ?, "updated_at" = ? WHERE "users"."id" = ?[0m  [["name", "sam"], ["username", "sam"], ["updated_at", "2019-06-18 15:56:33.570280"], ["id", 1]]
  [1m[35m (1.8ms)[0m  [1m[36mcommit transaction[0m
Started POST "/sessions" for ::1 at 2019-06-18 10:56:58 -0500
Processing by SessionsController#create as HTML
  Parameters: {"utf8"=>"✓", "authenticity_token"=>"hNHeop12djRsbBrs4varla8o2fCgkcib5fgNiHs92KwAqGFQvoXusASmqJfaRcNMSUyjqNje5o/y9rsx0Xe54g==", "username"=>"sam", "password"=>"[FILTERED]", "commit"=>"Login"}
  [1m[36mUser Load (0.3ms)[0m  [1m[34mSELECT  "users".* FROM "users" WHERE "users"."username" = ? LIMIT ?[0m  [["username", "sam"], ["LIMIT", 1]]
  ↳ app/controllers/sessions_controller.rb:6
Completed 500 Internal Server Error in 106ms (ActiveRecord: 0.7ms)



NoMethodError (undefined method `to' for #<SessionsController:0x00007fc86ac2d870>
Did you mean?  t):

app/controllers/sessions_controller.rb:9:in `create'
Started POST "/sessions" for ::1 at 2019-06-18 10:57:15 -0500
Processing by SessionsController#create as HTML
  Parameters: {"utf8"=>"✓", "authenticity_token"=>"hNHeop12djRsbBrs4varla8o2fCgkcib5fgNiHs92KwAqGFQvoXusASmqJfaRcNMSUyjqNje5o/y9rsx0Xe54g==", "username"=>"sam", "password"=>"[FILTERED]", "commit"=>"Login"}
  [1m[36mUser Load (0.1ms)[0m  [1m[34mSELECT  "users".* FROM "users" WHERE "users"."username" = ? LIMIT ?[0m  [["username", "sam"], ["LIMIT", 1]]
  ↳ app/controllers/sessions_controller.rb:6
Redirected to http://localhost:3000/users/1
Completed 302 Found in 63ms (ActiveRecord: 0.6ms)


Started GET "/users/1" for ::1 at 2019-06-18 10:57:15 -0500
Processing by UsersController#show as HTML
  Parameters: {"id"=>"1"}
  [1m[36mUser Load (0.2ms)[0m  [1m[34mSELECT  "users".* FROM "users" WHERE "users"."id" = ? LIMIT ?[0m  [["id", 1], ["LIMIT", 1]]
  ↳ app/controllers/users_controller.rb:7
  Rendering users/show.html.erb within layouts/application
  Rendered users/show.html.erb within layouts/application (0.3ms)
Completed 200 OK in 16ms (Views: 13.0ms | ActiveRecord: 0.2ms)


Started GET "/users/1" for ::1 at 2019-06-18 11:02:16 -0500
Processing by UsersController#show as HTML
  Parameters: {"id"=>"1"}
  [1m[36mUser Load (0.1ms)[0m  [1m[34mSELECT  "users".* FROM "users" WHERE "users"."id" = ? LIMIT ?[0m  [["id", 1], ["LIMIT", 1]]
  ↳ app/controllers/users_controller.rb:7
  Rendering users/show.html.erb within layouts/application
  Rendered users/show.html.erb within layouts/application (0.8ms)
Completed 200 OK in 48ms (Views: 38.6ms | ActiveRecord: 0.6ms)


Started DELETE "/sessions/destroy" for ::1 at 2019-06-18 11:02:20 -0500
Processing by SessionsController#destroy as HTML
  Parameters: {"authenticity_token"=>"Hf1dd/b0K9ik/kB7NcTIIbEbc3mpH8qPCdpkdlq2kZqZhOKF1QezXMw08gANd6D4V38JIdFQ5Jse1NLP8Pzw1A==", "id"=>"destroy"}
Redirected to http://localhost:3000/users/new
Completed 302 Found in 1ms (ActiveRecord: 0.0ms)


Started GET "/users/new" for ::1 at 2019-06-18 11:02:20 -0500
Processing by UsersController#new as HTML
  Rendering users/new.html.erb within layouts/application
  Rendered users/new.html.erb within layouts/application (2.3ms)
Completed 200 OK in 15ms (Views: 14.1ms | ActiveRecord: 0.0ms)


Started POST "/users" for ::1 at 2019-06-18 11:05:35 -0500
Processing by UsersController#create as HTML
  Parameters: {"utf8"=>"✓", "authenticity_token"=>"rBlTRwjZOzIhJA8T1rL57rP/kyNmNyOcKQYSqAYCKBAoYOy1KyqjtknuvWjuAZE3VZvpex54DYg+CKQRrEhJXg==", "user"=>{"name"=>"", "username"=>"", "password"=>"[FILTERED]", "password_confirmation"=>"[FILTERED]"}, "commit"=>"Create User"}
  [1m[35m (0.0ms)[0m  [1m[36mbegin transaction[0m
  ↳ app/controllers/users_controller.rb:12
  [1m[36mUser Exists (0.1ms)[0m  [1m[34mSELECT  1 AS one FROM "users" WHERE "users"."username" = ? LIMIT ?[0m  [["username", ""], ["LIMIT", 1]]
  ↳ app/controllers/users_controller.rb:12
  [1m[35m (0.0ms)[0m  [1m[31mrollback transaction[0m
  ↳ app/controllers/users_controller.rb:12
  Rendering users/new.html.erb within layouts/application
  Rendered users/new.html.erb within layouts/application (1.8ms)
Completed 200 OK in 41ms (Views: 28.8ms | ActiveRecord: 0.9ms)


Started POST "/users" for ::1 at 2019-06-18 11:05:39 -0500
Processing by UsersController#create as HTML
  Parameters: {"utf8"=>"✓", "authenticity_token"=>"RlD3KpRxOTTMuAFJQG6sRnU+C3SJM/A49T6SNBWOJerCKUjYt4KhsKRyszJ43cSfk1pxLPF83iziMCSNv8REpA==", "user"=>{"name"=>"", "username"=>"", "password"=>"[FILTERED]", "password_confirmation"=>"[FILTERED]"}, "commit"=>"Create User"}
  [1m[35m (0.0ms)[0m  [1m[36mbegin transaction[0m
  ↳ app/controllers/users_controller.rb:12
  [1m[36mUser Exists (0.2ms)[0m  [1m[34mSELECT  1 AS one FROM "users" WHERE "users"."username" = ? LIMIT ?[0m  [["username", ""], ["LIMIT", 1]]
  ↳ app/controllers/users_controller.rb:12
  [1m[35m (0.1ms)[0m  [1m[31mrollback transaction[0m
  ↳ app/controllers/users_controller.rb:12
  Rendering users/new.html.erb within layouts/application
  Rendered users/new.html.erb within layouts/application (1.5ms)
Completed 200 OK in 29ms (Views: 24.9ms | ActiveRecord: 0.3ms)


Started POST "/users" for ::1 at 2019-06-18 11:05:45 -0500
Processing by UsersController#create as HTML
  Parameters: {"utf8"=>"✓", "authenticity_token"=>"bAf/ovxvX/QVeB6fY6544CYx8vhDpVS4dkJZ6mSa//rofkBQ35zHcH2yrORbHRA5wFWIoDvqeqxhTO9TztCetA==", "user"=>{"name"=>"", "username"=>"", "password"=>"[FILTERED]", "password_confirmation"=>"[FILTERED]"}, "commit"=>"Create User"}
  [1m[35m (0.1ms)[0m  [1m[36mbegin transaction[0m
  ↳ app/controllers/users_controller.rb:12
  [1m[36mUser Exists (0.1ms)[0m  [1m[34mSELECT  1 AS one FROM "users" WHERE "users"."username" = ? LIMIT ?[0m  [["username", ""], ["LIMIT", 1]]
  ↳ app/controllers/users_controller.rb:12
  [1m[35m (0.0ms)[0m  [1m[31mrollback transaction[0m
  ↳ app/controllers/users_controller.rb:12
  Rendering users/new.html.erb within layouts/application
  Rendered users/new.html.erb within layouts/application (1.9ms)
Completed 200 OK in 19ms (Views: 15.0ms | ActiveRecord: 0.2ms)


Started GET "/users" for ::1 at 2019-06-18 11:07:41 -0500

AbstractController::ActionNotFound (The action 'index' could not be found for UsersController):

actionpack (5.2.3) lib/abstract_controller/base.rb:129:in `process'
actionview (5.2.3) lib/action_view/rendering.rb:32:in `process'
actionpack (5.2.3) lib/action_controller/metal.rb:191:in `dispatch'
actionpack (5.2.3) lib/action_controller/metal.rb:252:in `dispatch'
actionpack (5.2.3) lib/action_dispatch/routing/route_set.rb:52:in `dispatch'
actionpack (5.2.3) lib/action_dispatch/routing/route_set.rb:34:in `serve'
actionpack (5.2.3) lib/action_dispatch/journey/router.rb:52:in `block in serve'
actionpack (5.2.3) lib/action_dispatch/journey/router.rb:35:in `each'
actionpack (5.2.3) lib/action_dispatch/journey/router.rb:35:in `serve'
actionpack (5.2.3) lib/action_dispatch/routing/route_set.rb:840:in `call'
rack (2.0.7) lib/rack/tempfile_reaper.rb:15:in `call'
rack (2.0.7) lib/rack/etag.rb:25:in `call'
rack (2.0.7) lib/rack/conditional_get.rb:25:in `call'
rack (2.0.7) lib/rack/head.rb:12:in `call'
actionpack (5.2.3) lib/action_dispatch/http/content_security_policy.rb:18:in `call'
rack (2.0.7) lib/rack/session/abstract/id.rb:232:in `context'
rack (2.0.7) lib/rack/session/abstract/id.rb:226:in `call'
actionpack (5.2.3) lib/action_dispatch/middleware/cookies.rb:670:in `call'
activerecord (5.2.3) lib/active_record/migration.rb:559:in `call'
actionpack (5.2.3) lib/action_dispatch/middleware/callbacks.rb:28:in `block in call'
activesupport (5.2.3) lib/active_support/callbacks.rb:98:in `run_callbacks'
actionpack (5.2.3) lib/action_dispatch/middleware/callbacks.rb:26:in `call'
actionpack (5.2.3) lib/action_dispatch/middleware/executor.rb:14:in `call'
actionpack (5.2.3) lib/action_dispatch/middleware/debug_exceptions.rb:61:in `call'
web-console (3.7.0) lib/web_console/middleware.rb:135:in `call_app'
web-console (3.7.0) lib/web_console/middleware.rb:30:in `block in call'
web-console (3.7.0) lib/web_console/middleware.rb:20:in `catch'
web-console (3.7.0) lib/web_console/middleware.rb:20:in `call'
actionpack (5.2.3) lib/action_dispatch/middleware/show_exceptions.rb:33:in `call'
railties (5.2.3) lib/rails/rack/logger.rb:38:in `call_app'
railties (5.2.3) lib/rails/rack/logger.rb:26:in `block in call'
activesupport (5.2.3) lib/active_support/tagged_logging.rb:71:in `block in tagged'
activesupport (5.2.3) lib/active_support/tagged_logging.rb:28:in `tagged'
activesupport (5.2.3) lib/active_support/tagged_logging.rb:71:in `tagged'
railties (5.2.3) lib/rails/rack/logger.rb:26:in `call'
sprockets-rails (3.2.1) lib/sprockets/rails/quiet_assets.rb:13:in `call'
actionpack (5.2.3) lib/action_dispatch/middleware/remote_ip.rb:81:in `call'
actionpack (5.2.3) lib/action_dispatch/middleware/request_id.rb:27:in `call'
rack (2.0.7) lib/rack/method_override.rb:22:in `call'
rack (2.0.7) lib/rack/runtime.rb:22:in `call'
activesupport (5.2.3) lib/active_support/cache/strategy/local_cache_middleware.rb:29:in `call'
actionpack (5.2.3) lib/action_dispatch/middleware/executor.rb:14:in `call'
actionpack (5.2.3) lib/action_dispatch/middleware/static.rb:127:in `call'
rack (2.0.7) lib/rack/sendfile.rb:111:in `call'
railties (5.2.3) lib/rails/engine.rb:524:in `call'
puma (3.12.1) lib/puma/configuration.rb:227:in `call'
puma (3.12.1) lib/puma/server.rb:660:in `handle_request'
puma (3.12.1) lib/puma/server.rb:474:in `process_client'
puma (3.12.1) lib/puma/server.rb:334:in `block in run'
puma (3.12.1) lib/puma/thread_pool.rb:135:in `block in spawn_thread'
Started GET "/users/new" for ::1 at 2019-06-18 11:07:53 -0500
Processing by UsersController#new as HTML
  Rendering users/new.html.erb within layouts/application
  Rendered users/new.html.erb within layouts/application (1.6ms)
Completed 200 OK in 16ms (Views: 15.0ms | ActiveRecord: 0.0ms)


Started POST "/users" for ::1 at 2019-06-18 11:07:55 -0500
Processing by UsersController#create as HTML
  Parameters: {"utf8"=>"✓", "authenticity_token"=>"babYshzyvEbsn1LRLneUQJICxMIC4tdwOqFVO8mwnFzp32dAPwEkwoRV4KoWxPyZdGa+mnqt+WQtr+OCY/r9Eg==", "user"=>{"name"=>"", "username"=>"", "password"=>"[FILTERED]", "password_confirmation"=>"[FILTERED]"}, "commit"=>"Create User"}
  [1m[35m (0.1ms)[0m  [1m[36mbegin transaction[0m
  ↳ app/controllers/users_controller.rb:12
  [1m[36mUser Exists (0.2ms)[0m  [1m[34mSELECT  1 AS one FROM "users" WHERE "users"."username" = ? LIMIT ?[0m  [["username", ""], ["LIMIT", 1]]
  ↳ app/controllers/users_controller.rb:12
  [1m[35m (0.0ms)[0m  [1m[31mrollback transaction[0m
  ↳ app/controllers/users_controller.rb:12
  Rendering users/new.html.erb within layouts/application
  Rendered users/new.html.erb within layouts/application (1.4ms)
Completed 200 OK in 26ms (Views: 22.3ms | ActiveRecord: 0.3ms)


Started POST "/users" for ::1 at 2019-06-18 11:07:57 -0500
Processing by UsersController#create as HTML
  Parameters: {"utf8"=>"✓", "authenticity_token"=>"Y5hQkNqZhWrjS2EgD2yBuV0kFow9Gx7HlAOd0oxWs57n4e9i+Wod7ouB01s33+lgu0Bs1EVUMNODDStrJhzS0A==", "user"=>{"name"=>"", "username"=>"", "password"=>"[FILTERED]", "password_confirmation"=>"[FILTERED]"}, "commit"=>"Create User"}
  [1m[35m (0.1ms)[0m  [1m[36mbegin transaction[0m
  ↳ app/controllers/users_controller.rb:12
  [1m[36mUser Exists (0.1ms)[0m  [1m[34mSELECT  1 AS one FROM "users" WHERE "users"."username" = ? LIMIT ?[0m  [["username", ""], ["LIMIT", 1]]
  ↳ app/controllers/users_controller.rb:12
  [1m[35m (0.1ms)[0m  [1m[31mrollback transaction[0m
  ↳ app/controllers/users_controller.rb:12
  Rendering users/new.html.erb within layouts/application
  Rendered users/new.html.erb within layouts/application (1.8ms)
Completed 200 OK in 20ms (Views: 15.1ms | ActiveRecord: 0.3ms)


Started GET "/users" for ::1 at 2019-06-18 11:08:01 -0500

AbstractController::ActionNotFound (The action 'index' could not be found for UsersController):

actionpack (5.2.3) lib/abstract_controller/base.rb:129:in `process'
actionview (5.2.3) lib/action_view/rendering.rb:32:in `process'
actionpack (5.2.3) lib/action_controller/metal.rb:191:in `dispatch'
actionpack (5.2.3) lib/action_controller/metal.rb:252:in `dispatch'
actionpack (5.2.3) lib/action_dispatch/routing/route_set.rb:52:in `dispatch'
actionpack (5.2.3) lib/action_dispatch/routing/route_set.rb:34:in `serve'
actionpack (5.2.3) lib/action_dispatch/journey/router.rb:52:in `block in serve'
actionpack (5.2.3) lib/action_dispatch/journey/router.rb:35:in `each'
actionpack (5.2.3) lib/action_dispatch/journey/router.rb:35:in `serve'
actionpack (5.2.3) lib/action_dispatch/routing/route_set.rb:840:in `call'
rack (2.0.7) lib/rack/tempfile_reaper.rb:15:in `call'
rack (2.0.7) lib/rack/etag.rb:25:in `call'
rack (2.0.7) lib/rack/conditional_get.rb:25:in `call'
rack (2.0.7) lib/rack/head.rb:12:in `call'
actionpack (5.2.3) lib/action_dispatch/http/content_security_policy.rb:18:in `call'
rack (2.0.7) lib/rack/session/abstract/id.rb:232:in `context'
rack (2.0.7) lib/rack/session/abstract/id.rb:226:in `call'
actionpack (5.2.3) lib/action_dispatch/middleware/cookies.rb:670:in `call'
activerecord (5.2.3) lib/active_record/migration.rb:559:in `call'
actionpack (5.2.3) lib/action_dispatch/middleware/callbacks.rb:28:in `block in call'
activesupport (5.2.3) lib/active_support/callbacks.rb:98:in `run_callbacks'
actionpack (5.2.3) lib/action_dispatch/middleware/callbacks.rb:26:in `call'
actionpack (5.2.3) lib/action_dispatch/middleware/executor.rb:14:in `call'
actionpack (5.2.3) lib/action_dispatch/middleware/debug_exceptions.rb:61:in `call'
web-console (3.7.0) lib/web_console/middleware.rb:135:in `call_app'
web-console (3.7.0) lib/web_console/middleware.rb:30:in `block in call'
web-console (3.7.0) lib/web_console/middleware.rb:20:in `catch'
web-console (3.7.0) lib/web_console/middleware.rb:20:in `call'
actionpack (5.2.3) lib/action_dispatch/middleware/show_exceptions.rb:33:in `call'
railties (5.2.3) lib/rails/rack/logger.rb:38:in `call_app'
railties (5.2.3) lib/rails/rack/logger.rb:26:in `block in call'
activesupport (5.2.3) lib/active_support/tagged_logging.rb:71:in `block in tagged'
activesupport (5.2.3) lib/active_support/tagged_logging.rb:28:in `tagged'
activesupport (5.2.3) lib/active_support/tagged_logging.rb:71:in `tagged'
railties (5.2.3) lib/rails/rack/logger.rb:26:in `call'
sprockets-rails (3.2.1) lib/sprockets/rails/quiet_assets.rb:13:in `call'
actionpack (5.2.3) lib/action_dispatch/middleware/remote_ip.rb:81:in `call'
actionpack (5.2.3) lib/action_dispatch/middleware/request_id.rb:27:in `call'
rack (2.0.7) lib/rack/method_override.rb:22:in `call'
rack (2.0.7) lib/rack/runtime.rb:22:in `call'
activesupport (5.2.3) lib/active_support/cache/strategy/local_cache_middleware.rb:29:in `call'
actionpack (5.2.3) lib/action_dispatch/middleware/executor.rb:14:in `call'
actionpack (5.2.3) lib/action_dispatch/middleware/static.rb:127:in `call'
rack (2.0.7) lib/rack/sendfile.rb:111:in `call'
railties (5.2.3) lib/rails/engine.rb:524:in `call'
puma (3.12.1) lib/puma/configuration.rb:227:in `call'
puma (3.12.1) lib/puma/server.rb:660:in `handle_request'
puma (3.12.1) lib/puma/server.rb:474:in `process_client'
puma (3.12.1) lib/puma/server.rb:334:in `block in run'
puma (3.12.1) lib/puma/thread_pool.rb:135:in `block in spawn_thread'
Started GET "/user/new" for ::1 at 2019-06-18 11:08:08 -0500

ActionController::RoutingError (No route matches [GET] "/user/new"):

actionpack (5.2.3) lib/action_dispatch/middleware/debug_exceptions.rb:65:in `call'
web-console (3.7.0) lib/web_console/middleware.rb:135:in `call_app'
web-console (3.7.0) lib/web_console/middleware.rb:30:in `block in call'
web-console (3.7.0) lib/web_console/middleware.rb:20:in `catch'
web-console (3.7.0) lib/web_console/middleware.rb:20:in `call'
actionpack (5.2.3) lib/action_dispatch/middleware/show_exceptions.rb:33:in `call'
railties (5.2.3) lib/rails/rack/logger.rb:38:in `call_app'
railties (5.2.3) lib/rails/rack/logger.rb:26:in `block in call'
activesupport (5.2.3) lib/active_support/tagged_logging.rb:71:in `block in tagged'
activesupport (5.2.3) lib/active_support/tagged_logging.rb:28:in `tagged'
activesupport (5.2.3) lib/active_support/tagged_logging.rb:71:in `tagged'
railties (5.2.3) lib/rails/rack/logger.rb:26:in `call'
sprockets-rails (3.2.1) lib/sprockets/rails/quiet_assets.rb:13:in `call'
actionpack (5.2.3) lib/action_dispatch/middleware/remote_ip.rb:81:in `call'
actionpack (5.2.3) lib/action_dispatch/middleware/request_id.rb:27:in `call'
rack (2.0.7) lib/rack/method_override.rb:22:in `call'
rack (2.0.7) lib/rack/runtime.rb:22:in `call'
activesupport (5.2.3) lib/active_support/cache/strategy/local_cache_middleware.rb:29:in `call'
actionpack (5.2.3) lib/action_dispatch/middleware/executor.rb:14:in `call'
actionpack (5.2.3) lib/action_dispatch/middleware/static.rb:127:in `call'
rack (2.0.7) lib/rack/sendfile.rb:111:in `call'
railties (5.2.3) lib/rails/engine.rb:524:in `call'
puma (3.12.1) lib/puma/configuration.rb:227:in `call'
puma (3.12.1) lib/puma/server.rb:660:in `handle_request'
puma (3.12.1) lib/puma/server.rb:474:in `process_client'
puma (3.12.1) lib/puma/server.rb:334:in `block in run'
puma (3.12.1) lib/puma/thread_pool.rb:135:in `block in spawn_thread'
Started GET "/users/new" for ::1 at 2019-06-18 11:08:13 -0500
Processing by UsersController#new as HTML
  Rendering users/new.html.erb within layouts/application
  Rendered users/new.html.erb within layouts/application (1.8ms)
Completed 200 OK in 17ms (Views: 15.2ms | ActiveRecord: 0.0ms)


Started POST "/users" for ::1 at 2019-06-18 11:08:14 -0500
Processing by UsersController#create as HTML
  Parameters: {"utf8"=>"✓", "authenticity_token"=>"2R3C41Sg9gZNBz+84cHMy8B2h3M0lxfe5wAoHGb9c2VdZH0Rd1NugiXNjcfZcqQSJhL9K0zYOcrwDp6lzLcSKw==", "user"=>{"name"=>"", "username"=>"", "password"=>"[FILTERED]", "password_confirmation"=>"[FILTERED]"}, "commit"=>"Create User"}
  [1m[35m (0.1ms)[0m  [1m[36mbegin transaction[0m
  ↳ app/controllers/users_controller.rb:12
  [1m[36mUser Exists (0.2ms)[0m  [1m[34mSELECT  1 AS one FROM "users" WHERE "users"."username" = ? LIMIT ?[0m  [["username", ""], ["LIMIT", 1]]
  ↳ app/controllers/users_controller.rb:12
  [1m[35m (0.1ms)[0m  [1m[31mrollback transaction[0m
  ↳ app/controllers/users_controller.rb:12
  Rendering users/new.html.erb within layouts/application
  Rendered users/new.html.erb within layouts/application (1.8ms)
Completed 200 OK in 39ms (Views: 33.7ms | ActiveRecord: 0.3ms)


Started POST "/users" for ::1 at 2019-06-18 11:09:05 -0500
Processing by UsersController#create as HTML
  Parameters: {"utf8"=>"✓", "authenticity_token"=>"7L4QL1eb9pg2uxQpw5kuy5GhIG/VvM8+7AroPpuNqKpox6/ddGhuHF5xplL7KkYSd8VaN63z4Sr7BF6HMcfJ5A==", "user"=>{"name"=>"emil", "username"=>"", "password"=>"[FILTERED]", "password_confirmation"=>"[FILTERED]"}, "commit"=>"Create User"}
  [1m[35m (0.1ms)[0m  [1m[36mbegin transaction[0m
  ↳ app/controllers/users_controller.rb:12
  [1m[36mUser Exists (0.1ms)[0m  [1m[34mSELECT  1 AS one FROM "users" WHERE "users"."username" = ? LIMIT ?[0m  [["username", ""], ["LIMIT", 1]]
  ↳ app/controllers/users_controller.rb:12
  [1m[36mUser Create (0.3ms)[0m  [1m[32mINSERT INTO "users" ("name", "username", "password_digest", "created_at", "updated_at") VALUES (?, ?, ?, ?, ?)[0m  [["name", "emil"], ["username", ""], ["password_digest", "$2a$10$nfkARZn1BKQIpZpS1HkHQeG0uVInCo7eyzywDsm4fjdCtmWEVRqP6"], ["created_at", "2019-06-18 16:09:05.577702"], ["updated_at", "2019-06-18 16:09:05.577702"]]
  ↳ app/controllers/users_controller.rb:12
  [1m[35m (1.8ms)[0m  [1m[36mcommit transaction[0m
  ↳ app/controllers/users_controller.rb:12
Redirected to http://localhost:3000/users/2
Completed 302 Found in 62ms (ActiveRecord: 2.2ms)


Started GET "/users/2" for ::1 at 2019-06-18 11:09:05 -0500
Processing by UsersController#show as HTML
  Parameters: {"id"=>"2"}
  [1m[36mUser Load (0.2ms)[0m  [1m[34mSELECT  "users".* FROM "users" WHERE "users"."id" = ? LIMIT ?[0m  [["id", 2], ["LIMIT", 1]]
  ↳ app/controllers/users_controller.rb:7
  Rendering users/show.html.erb within layouts/application
  Rendered users/show.html.erb within layouts/application (0.6ms)
Completed 200 OK in 35ms (Views: 30.6ms | ActiveRecord: 0.2ms)


Started GET "/users/new" for ::1 at 2019-06-18 11:09:32 -0500
Processing by UsersController#new as HTML
  Rendering users/new.html.erb within layouts/application
  Rendered users/new.html.erb within layouts/application (3.5ms)
Completed 200 OK in 34ms (Views: 31.4ms | ActiveRecord: 0.0ms)


Started POST "/users" for ::1 at 2019-06-18 11:09:37 -0500
Processing by UsersController#create as HTML
  Parameters: {"utf8"=>"✓", "authenticity_token"=>"z9EfmoyrltKYWv5vQ+Ble0i+htUhspvtjkwN0UPLGMtLqKBor1gOVvCQTBR7Uw2irtr8jVn9tfmZQrto6YF5hQ==", "user"=>{"name"=>"", "username"=>"", "password"=>"[FILTERED]", "password_confirmation"=>"[FILTERED]"}, "commit"=>"Create User"}
  [1m[35m (0.0ms)[0m  [1m[36mbegin transaction[0m
  ↳ app/controllers/users_controller.rb:12
  [1m[36mUser Exists (0.1ms)[0m  [1m[34mSELECT  1 AS one FROM "users" WHERE "users"."username" = ? LIMIT ?[0m  [["username", ""], ["LIMIT", 1]]
  ↳ app/controllers/users_controller.rb:12
  [1m[35m (0.0ms)[0m  [1m[31mrollback transaction[0m
  ↳ app/controllers/users_controller.rb:12
  Rendering users/new.html.erb within layouts/application
  Rendered users/new.html.erb within layouts/application (1.8ms)
Completed 200 OK in 25ms (Views: 13.4ms | ActiveRecord: 0.6ms)


Started GET "/users/new" for ::1 at 2019-06-18 11:19:32 -0500
Processing by UsersController#new as HTML
  Rendering users/new.html.erb within layouts/application
  Rendered users/new.html.erb within layouts/application (1.7ms)
Completed 200 OK in 43ms (Views: 34.8ms | ActiveRecord: 0.4ms)


Started POST "/users" for ::1 at 2019-06-18 11:20:17 -0500
Processing by UsersController#create as HTML
  Parameters: {"utf8"=>"✓", "authenticity_token"=>"UnV1JfQgu9soc2ekZu6yRNniHpDQiIpTw1x5qaXiPdDWDMrX19MjX0C51d9eXdqdP4ZkyKjHpEfUUs8QD6hcng==", "user"=>{"name"=>"alex", "username"=>"alex", "password"=>"[FILTERED]", "password_confirmation"=>"[FILTERED]"}, "commit"=>"Create User"}
  [1m[35m (0.1ms)[0m  [1m[36mbegin transaction[0m
  ↳ app/controllers/users_controller.rb:14
  [1m[36mUser Exists (0.8ms)[0m  [1m[34mSELECT  1 AS one FROM "users" WHERE "users"."username" = ? LIMIT ?[0m  [["username", "alex"], ["LIMIT", 1]]
  ↳ app/controllers/users_controller.rb:14
  [1m[36mUser Create (0.7ms)[0m  [1m[32mINSERT INTO "users" ("name", "username", "password_digest", "created_at", "updated_at") VALUES (?, ?, ?, ?, ?)[0m  [["name", "alex"], ["username", "alex"], ["password_digest", "$2a$10$fu0SWyA5yrh7QJ.nsVvAke6CZ1S.Ywiyrhui/4YLZ6jAX7Et/EyKG"], ["created_at", "2019-06-18 16:20:18.057119"], ["updated_at", "2019-06-18 16:20:18.057119"]]
  ↳ app/controllers/users_controller.rb:14
  [1m[35m (1.8ms)[0m  [1m[36mcommit transaction[0m
  ↳ app/controllers/users_controller.rb:14
Redirected to http://localhost:3000/users/3
Completed 302 Found in 64ms (ActiveRecord: 3.3ms)


Started GET "/users/3" for ::1 at 2019-06-18 11:20:18 -0500
Processing by UsersController#show as HTML
  Parameters: {"id"=>"3"}
  [1m[36mUser Load (0.2ms)[0m  [1m[34mSELECT  "users".* FROM "users" WHERE "users"."id" = ? LIMIT ?[0m  [["id", 3], ["LIMIT", 1]]
  ↳ app/controllers/application_controller.rb:6
  [1m[36mUser Load (0.1ms)[0m  [1m[34mSELECT  "users".* FROM "users" WHERE "users"."id" = ? LIMIT ?[0m  [["id", 3], ["LIMIT", 1]]
  ↳ app/controllers/users_controller.rb:9
  Rendering users/show.html.erb within layouts/application
  Rendered users/show.html.erb within layouts/application (0.6ms)
Completed 200 OK in 16ms (Views: 13.2ms | ActiveRecord: 0.3ms)


Started DELETE "/sessions/destroy" for ::1 at 2019-06-18 11:20:26 -0500
Processing by SessionsController#destroy as HTML
  Parameters: {"authenticity_token"=>"4T4eTAVMvoB65NRDbSFlh/HiLC0GWwtxQgSGHXROTdplR6G+Jr8mBBIuZjhVkg1eF4ZWdX4UJWVVCjCk3gQslA==", "id"=>"destroy"}
Redirected to http://localhost:3000/users/new
Completed 302 Found in 1ms (ActiveRecord: 0.0ms)


Started GET "/users/new" for ::1 at 2019-06-18 11:20:26 -0500
Processing by UsersController#new as HTML
  Rendering users/new.html.erb within layouts/application
  Rendered users/new.html.erb within layouts/application (2.2ms)
Completed 200 OK in 20ms (Views: 17.8ms | ActiveRecord: 0.0ms)


Started GET "/users/3" for ::1 at 2019-06-18 11:20:30 -0500
Processing by UsersController#show as HTML
  Parameters: {"id"=>"3"}
  [1m[36mUser Load (0.3ms)[0m  [1m[34mSELECT  "users".* FROM "users" WHERE "users"."id" IS NULL LIMIT ?[0m  [["LIMIT", 1]]
  ↳ app/controllers/application_controller.rb:6
Redirected to http://localhost:3000/users/new
Filter chain halted as :authorized rendered or redirected
Completed 302 Found in 2ms (ActiveRecord: 0.3ms)


Started GET "/users/new" for ::1 at 2019-06-18 11:20:30 -0500
Processing by UsersController#new as HTML
  Rendering users/new.html.erb within layouts/application
  Rendered users/new.html.erb within layouts/application (2.1ms)
Completed 200 OK in 19ms (Views: 17.7ms | ActiveRecord: 0.0ms)


Started GET "/users/3" for ::1 at 2019-06-18 11:23:43 -0500
Processing by UsersController#show as HTML
  Parameters: {"id"=>"3"}
  [1m[36mUser Load (0.3ms)[0m  [1m[34mSELECT  "users".* FROM "users" WHERE "users"."id" IS NULL LIMIT ?[0m  [["LIMIT", 1]]
  ↳ app/controllers/application_controller.rb:6
Redirected to http://localhost:3000/users/new
Filter chain halted as :authorized rendered or redirected
Completed 302 Found in 7ms (ActiveRecord: 0.5ms)


Started GET "/users/new" for ::1 at 2019-06-18 11:23:43 -0500
Processing by UsersController#new as HTML
  Rendering users/new.html.erb within layouts/application
  Rendered users/new.html.erb within layouts/application (2.6ms)
Completed 200 OK in 35ms (Views: 29.4ms | ActiveRecord: 0.3ms)


Started GET "/users/new" for ::1 at 2019-06-18 11:23:51 -0500
Processing by UsersController#new as HTML
  Rendering users/new.html.erb within layouts/application
  Rendered users/new.html.erb within layouts/application (2.1ms)
Completed 200 OK in 15ms (Views: 14.0ms | ActiveRecord: 0.0ms)


Started GET "/users/3" for ::1 at 2019-06-18 11:23:55 -0500
Processing by UsersController#show as HTML
  Parameters: {"id"=>"3"}
  [1m[36mUser Load (0.2ms)[0m  [1m[34mSELECT  "users".* FROM "users" WHERE "users"."id" IS NULL LIMIT ?[0m  [["LIMIT", 1]]
  ↳ app/controllers/application_controller.rb:6
Redirected to http://localhost:3000/users/new
Filter chain halted as :authorized rendered or redirected
Completed 302 Found in 2ms (ActiveRecord: 0.2ms)


Started GET "/users/new" for ::1 at 2019-06-18 11:23:55 -0500
Processing by UsersController#new as HTML
  Rendering users/new.html.erb within layouts/application
  Rendered users/new.html.erb within layouts/application (1.6ms)
Completed 200 OK in 13ms (Views: 12.4ms | ActiveRecord: 0.0ms)


Started GET "/users/3" for ::1 at 2019-06-18 11:24:45 -0500
Processing by UsersController#show as HTML
  Parameters: {"id"=>"3"}
  [1m[36mUser Load (0.1ms)[0m  [1m[34mSELECT  "users".* FROM "users" WHERE "users"."id" IS NULL LIMIT ?[0m  [["LIMIT", 1]]
  ↳ app/controllers/application_controller.rb:6
  Rendering users/new.html.erb within layouts/application
  Rendered users/new.html.erb within layouts/application (15.1ms)
Completed 500 Internal Server Error in 25ms (ActiveRecord: 0.3ms)



ActionView::Template::Error (First argument in form cannot contain nil or be empty):
    4:     <%end%>
    5: <%end%>
    6:
    7: <%= form_for @user do |f| %>
    8:     <p><%= f.label :name %></p>
    9:     <p><%= f.text_field :name %></p>
   10:     <p><%= f.label :username %></p>

app/views/users/new.html.erb:7:in `_app_views_users_new_html_erb__2155608228316420012_70249381575620'
app/controllers/users_controller.rb:28:in `authorized'
Started GET "/users/3" for ::1 at 2019-06-18 11:25:51 -0500
Processing by UsersController#show as HTML
  Parameters: {"id"=>"3"}
  [1m[36mUser Load (0.1ms)[0m  [1m[34mSELECT  "users".* FROM "users" WHERE "users"."id" IS NULL LIMIT ?[0m  [["LIMIT", 1]]
  ↳ app/controllers/application_controller.rb:6
  Rendering users/new.html.erb within layouts/application
  Rendered users/new.html.erb within layouts/application (1.8ms)
Filter chain halted as :authorized rendered or redirected
Completed 200 OK in 23ms (Views: 15.8ms | ActiveRecord: 0.5ms)


Started GET "/users/3" for ::1 at 2019-06-18 11:27:07 -0500
Processing by UsersController#show as HTML
  Parameters: {"id"=>"3"}
  [1m[36mUser Load (0.1ms)[0m  [1m[34mSELECT  "users".* FROM "users" WHERE "users"."id" IS NULL LIMIT ?[0m  [["LIMIT", 1]]
  ↳ app/controllers/application_controller.rb:6
  Rendering sessions/new.html.erb within layouts/application
  Rendered sessions/new.html.erb within layouts/application (0.8ms)
Filter chain halted as :authorized rendered or redirected
Completed 200 OK in 38ms (Views: 27.1ms | ActiveRecord: 0.8ms)


Started GET "/users/3" for ::1 at 2019-06-18 11:29:32 -0500
Processing by UsersController#show as HTML
  Parameters: {"id"=>"3"}
  [1m[36mUser Load (0.1ms)[0m  [1m[34mSELECT  "users".* FROM "users" WHERE "users"."id" IS NULL LIMIT ?[0m  [["LIMIT", 1]]
  ↳ app/controllers/application_controller.rb:6
  Rendering sessions/new.html.erb within layouts/application
  Rendered sessions/new.html.erb within layouts/application (0.9ms)
Filter chain halted as :authorized rendered or redirected
Completed 200 OK in 18ms (Views: 15.9ms | ActiveRecord: 0.1ms)


Started GET "/users/new" for ::1 at 2019-06-18 11:29:35 -0500
Processing by UsersController#new as HTML
  Rendering users/new.html.erb within layouts/application
  Rendered users/new.html.erb within layouts/application (3.1ms)
Completed 200 OK in 28ms (Views: 26.3ms | ActiveRecord: 0.0ms)


  [1m[35m (0.2ms)[0m  [1m[34mSELECT "schema_migrations"."version" FROM "schema_migrations" ORDER BY "schema_migrations"."version" ASC[0m
  ↳ /Users/jooyonwon/.rvm/rubies/ruby-2.6.1/lib/ruby/gems/2.6.0/gems/rake-12.3.2/lib/rake/task.rb:273
Migrating to CreatePlants (20190618181950)
  [1m[35m (0.1ms)[0m  [1m[36mbegin transaction[0m
  ↳ /Users/jooyonwon/.rvm/rubies/ruby-2.6.1/lib/ruby/gems/2.6.0/gems/rake-12.3.2/lib/rake/task.rb:273
  [1m[35m (0.1ms)[0m  [1m[34mSELECT sqlite_version(*)[0m
  ↳ db/migrate/20190618181950_create_plants.rb:3
  [1m[35m (0.5ms)[0m  [1m[35mCREATE TABLE "plants" ("id" integer PRIMARY KEY AUTOINCREMENT NOT NULL, "user_id" integer, "name" varchar, "sunlight" varchar, "water" varchar, "soil" varchar, "humidity" varchar, "temperature" varchar, "climate" varchar, "pot_size" varchar, "description" varchar, "img_url" varchar, "created_at" datetime NOT NULL, "updated_at" datetime NOT NULL, CONSTRAINT "fk_rails_05ea0b909d"
FOREIGN KEY ("user_id")
  REFERENCES "users" ("id")
)[0m
  ↳ db/migrate/20190618181950_create_plants.rb:3
  [1m[35m (0.1ms)[0m  [1m[35mCREATE  INDEX "index_plants_on_user_id" ON "plants" ("user_id")[0m
  ↳ db/migrate/20190618181950_create_plants.rb:3
  [1m[36mActiveRecord::SchemaMigration Create (0.2ms)[0m  [1m[32mINSERT INTO "schema_migrations" ("version") VALUES (?)[0m  [["version", "20190618181950"]]
  ↳ /Users/jooyonwon/.rvm/rubies/ruby-2.6.1/lib/ruby/gems/2.6.0/gems/rake-12.3.2/lib/rake/task.rb:273
  [1m[35m (1.4ms)[0m  [1m[36mcommit transaction[0m
  ↳ /Users/jooyonwon/.rvm/rubies/ruby-2.6.1/lib/ruby/gems/2.6.0/gems/rake-12.3.2/lib/rake/task.rb:273
Migrating to CreateFavorites (20190618183455)
  [1m[35m (0.1ms)[0m  [1m[36mbegin transaction[0m
  ↳ /Users/jooyonwon/.rvm/rubies/ruby-2.6.1/lib/ruby/gems/2.6.0/gems/rake-12.3.2/lib/rake/task.rb:273
  [1m[35m (0.7ms)[0m  [1m[35mCREATE TABLE "favorites" ("id" integer PRIMARY KEY AUTOINCREMENT NOT NULL, "user_id" integer, "plant_id" integer, "created_at" datetime NOT NULL, "updated_at" datetime NOT NULL, CONSTRAINT "fk_rails_d15744e438"
FOREIGN KEY ("user_id")
  REFERENCES "users" ("id")
, CONSTRAINT "fk_rails_7a1a709a55"
FOREIGN KEY ("plant_id")
  REFERENCES "plants" ("id")
)[0m
  ↳ db/migrate/20190618183455_create_favorites.rb:3
  [1m[35m (0.1ms)[0m  [1m[35mCREATE  INDEX "index_favorites_on_user_id" ON "favorites" ("user_id")[0m
  ↳ db/migrate/20190618183455_create_favorites.rb:3
  [1m[35m (0.3ms)[0m  [1m[35mCREATE  INDEX "index_favorites_on_plant_id" ON "favorites" ("plant_id")[0m
  ↳ db/migrate/20190618183455_create_favorites.rb:3
  [1m[36mActiveRecord::SchemaMigration Create (0.4ms)[0m  [1m[32mINSERT INTO "schema_migrations" ("version") VALUES (?)[0m  [["version", "20190618183455"]]
  ↳ /Users/jooyonwon/.rvm/rubies/ruby-2.6.1/lib/ruby/gems/2.6.0/gems/rake-12.3.2/lib/rake/task.rb:273
  [1m[35m (1.6ms)[0m  [1m[36mcommit transaction[0m
  ↳ /Users/jooyonwon/.rvm/rubies/ruby-2.6.1/lib/ruby/gems/2.6.0/gems/rake-12.3.2/lib/rake/task.rb:273
Migrating to CreateComments (20190618183605)
  [1m[35m (0.1ms)[0m  [1m[36mbegin transaction[0m
  ↳ /Users/jooyonwon/.rvm/rubies/ruby-2.6.1/lib/ruby/gems/2.6.0/gems/rake-12.3.2/lib/rake/task.rb:273
  [1m[35m (0.4ms)[0m  [1m[35mCREATE TABLE "comments" ("id" integer PRIMARY KEY AUTOINCREMENT NOT NULL, "user_id" integer, "plant_id" integer, "title" varchar, "content" varchar, "created_at" datetime NOT NULL, "updated_at" datetime NOT NULL, CONSTRAINT "fk_rails_03de2dc08c"
FOREIGN KEY ("user_id")
  REFERENCES "users" ("id")
, CONSTRAINT "fk_rails_2b5700937e"
FOREIGN KEY ("plant_id")
  REFERENCES "plants" ("id")
)[0m
  ↳ db/migrate/20190618183605_create_comments.rb:3
  [1m[35m (0.1ms)[0m  [1m[35mCREATE  INDEX "index_comments_on_user_id" ON "comments" ("user_id")[0m
  ↳ db/migrate/20190618183605_create_comments.rb:3
  [1m[35m (0.3ms)[0m  [1m[35mCREATE  INDEX "index_comments_on_plant_id" ON "comments" ("plant_id")[0m
  ↳ db/migrate/20190618183605_create_comments.rb:3
  [1m[36mActiveRecord::SchemaMigration Create (0.4ms)[0m  [1m[32mINSERT INTO "schema_migrations" ("version") VALUES (?)[0m  [["version", "20190618183605"]]
  ↳ /Users/jooyonwon/.rvm/rubies/ruby-2.6.1/lib/ruby/gems/2.6.0/gems/rake-12.3.2/lib/rake/task.rb:273
  [1m[35m (1.1ms)[0m  [1m[36mcommit transaction[0m
  ↳ /Users/jooyonwon/.rvm/rubies/ruby-2.6.1/lib/ruby/gems/2.6.0/gems/rake-12.3.2/lib/rake/task.rb:273
Migrating to CreatePlantLikes (20190618183834)
  [1m[35m (0.1ms)[0m  [1m[36mbegin transaction[0m
  ↳ /Users/jooyonwon/.rvm/rubies/ruby-2.6.1/lib/ruby/gems/2.6.0/gems/rake-12.3.2/lib/rake/task.rb:273
  [1m[35m (0.4ms)[0m  [1m[35mCREATE TABLE "plant_likes" ("id" integer PRIMARY KEY AUTOINCREMENT NOT NULL, "user_id" integer, "plant_id" integer, "created_at" datetime NOT NULL, "updated_at" datetime NOT NULL, CONSTRAINT "fk_rails_03bb1b3191"
FOREIGN KEY ("user_id")
  REFERENCES "users" ("id")
, CONSTRAINT "fk_rails_38b871e5d5"
FOREIGN KEY ("plant_id")
  REFERENCES "plants" ("id")
)[0m
  ↳ db/migrate/20190618183834_create_plant_likes.rb:3
  [1m[35m (0.1ms)[0m  [1m[35mCREATE  INDEX "index_plant_likes_on_user_id" ON "plant_likes" ("user_id")[0m
  ↳ db/migrate/20190618183834_create_plant_likes.rb:3
  [1m[35m (0.2ms)[0m  [1m[35mCREATE  INDEX "index_plant_likes_on_plant_id" ON "plant_likes" ("plant_id")[0m
  ↳ db/migrate/20190618183834_create_plant_likes.rb:3
  [1m[36mActiveRecord::SchemaMigration Create (0.2ms)[0m  [1m[32mINSERT INTO "schema_migrations" ("version") VALUES (?)[0m  [["version", "20190618183834"]]
  ↳ /Users/jooyonwon/.rvm/rubies/ruby-2.6.1/lib/ruby/gems/2.6.0/gems/rake-12.3.2/lib/rake/task.rb:273
  [1m[35m (0.9ms)[0m  [1m[36mcommit transaction[0m
  ↳ /Users/jooyonwon/.rvm/rubies/ruby-2.6.1/lib/ruby/gems/2.6.0/gems/rake-12.3.2/lib/rake/task.rb:273
Migrating to CreateCommentUpvotes (20190618183932)
  [1m[35m (0.1ms)[0m  [1m[36mbegin transaction[0m
  ↳ /Users/jooyonwon/.rvm/rubies/ruby-2.6.1/lib/ruby/gems/2.6.0/gems/rake-12.3.2/lib/rake/task.rb:273
  [1m[35m (0.4ms)[0m  [1m[35mCREATE TABLE "comment_upvotes" ("id" integer PRIMARY KEY AUTOINCREMENT NOT NULL, "comment_id" integer, "user_id" integer, "created_at" datetime NOT NULL, "updated_at" datetime NOT NULL, CONSTRAINT "fk_rails_cedf3d8f5b"
FOREIGN KEY ("comment_id")
  REFERENCES "comments" ("id")
, CONSTRAINT "fk_rails_1c6419547a"
FOREIGN KEY ("user_id")
  REFERENCES "users" ("id")
)[0m
  ↳ db/migrate/20190618183932_create_comment_upvotes.rb:3
  [1m[35m (0.2ms)[0m  [1m[35mCREATE  INDEX "index_comment_upvotes_on_comment_id" ON "comment_upvotes" ("comment_id")[0m
  ↳ db/migrate/20190618183932_create_comment_upvotes.rb:3
  [1m[35m (0.1ms)[0m  [1m[35mCREATE  INDEX "index_comment_upvotes_on_user_id" ON "comment_upvotes" ("user_id")[0m
  ↳ db/migrate/20190618183932_create_comment_upvotes.rb:3
  [1m[36mActiveRecord::SchemaMigration Create (0.2ms)[0m  [1m[32mINSERT INTO "schema_migrations" ("version") VALUES (?)[0m  [["version", "20190618183932"]]
  ↳ /Users/jooyonwon/.rvm/rubies/ruby-2.6.1/lib/ruby/gems/2.6.0/gems/rake-12.3.2/lib/rake/task.rb:273
  [1m[35m (4.5ms)[0m  [1m[36mcommit transaction[0m
  ↳ /Users/jooyonwon/.rvm/rubies/ruby-2.6.1/lib/ruby/gems/2.6.0/gems/rake-12.3.2/lib/rake/task.rb:273
  [1m[36mActiveRecord::InternalMetadata Load (0.2ms)[0m  [1m[34mSELECT  "ar_internal_metadata".* FROM "ar_internal_metadata" WHERE "ar_internal_metadata"."key" = ? LIMIT ?[0m  [["key", "environment"], ["LIMIT", 1]]
  ↳ /Users/jooyonwon/.rvm/rubies/ruby-2.6.1/lib/ruby/gems/2.6.0/gems/rake-12.3.2/lib/rake/task.rb:273
  [1m[35m (0.1ms)[0m  [1m[36mbegin transaction[0m
  ↳ /Users/jooyonwon/.rvm/rubies/ruby-2.6.1/lib/ruby/gems/2.6.0/gems/rake-12.3.2/lib/rake/task.rb:273
  [1m[35m (0.0ms)[0m  [1m[36mcommit transaction[0m
  ↳ /Users/jooyonwon/.rvm/rubies/ruby-2.6.1/lib/ruby/gems/2.6.0/gems/rake-12.3.2/lib/rake/task.rb:273
  [1m[35m (0.1ms)[0m  [1m[34mSELECT "schema_migrations"."version" FROM "schema_migrations" ORDER BY "schema_migrations"."version" ASC[0m
  ↳ /Users/jooyonwon/.rvm/rubies/ruby-2.6.1/lib/ruby/gems/2.6.0/gems/rake-12.3.2/lib/rake/task.rb:273
  [1m[35m (0.1ms)[0m  [1m[36mbegin transaction[0m
  [1m[36mUser Exists (0.4ms)[0m  [1m[34mSELECT  1 AS one FROM "users" WHERE "users"."username" = ? LIMIT ?[0m  [["username", "Dave_is_Dave"], ["LIMIT", 1]]
  [1m[36mUser Create (0.8ms)[0m  [1m[32mINSERT INTO "users" ("name", "username", "password_digest", "created_at", "updated_at") VALUES (?, ?, ?, ?, ?)[0m  [["name", "Dave"], ["username", "Dave_is_Dave"], ["password_digest", "$2a$10$npojWXAemEbiqqVrU6PD0OYlm6hm.VjgDzYbF7newGRXX4H5QMjz6"], ["created_at", "2019-06-18 20:15:17.964675"], ["updated_at", "2019-06-18 20:15:17.964675"]]
  [1m[35m (0.7ms)[0m  [1m[36mcommit transaction[0m
  [1m[36mUser Load (0.4ms)[0m  [1m[34mSELECT "users".* FROM "users"[0m
  [1m[36mUser Load (0.1ms)[0m  [1m[34mSELECT "users".* FROM "users"[0m
  [1m[36mUser Load (0.2ms)[0m  [1m[34mSELECT "users".* FROM "users"[0m
  [1m[36mUser Load (0.2ms)[0m  [1m[34mSELECT "users".* FROM "users"[0m
  [1m[36mUser Load (0.1ms)[0m  [1m[34mSELECT "users".* FROM "users"[0m
  [1m[36mFavorite Load (0.2ms)[0m  [1m[34mSELECT  "favorites".* FROM "favorites" WHERE "favorites"."user_id" = ? LIMIT ?[0m  [["user_id", 4], ["LIMIT", 11]]
  [1m[36mUser Load (0.2ms)[0m  [1m[34mSELECT "users".* FROM "users"[0m
  [1m[36mUser Load (0.2ms)[0m  [1m[34mSELECT "users".* FROM "users"[0m
  [1m[36mFavorite Load (0.2ms)[0m  [1m[34mSELECT  "favorites".* FROM "favorites" WHERE "favorites"."user_id" = ? LIMIT ?[0m  [["user_id", 4], ["LIMIT", 11]]
  [1m[36mUser Load (0.2ms)[0m  [1m[34mSELECT "users".* FROM "users"[0m
  [1m[36mFavorite Load (0.2ms)[0m  [1m[34mSELECT  "favorites".* FROM "favorites" WHERE "favorites"."user_id" = ? LIMIT ?[0m  [["user_id", 4], ["LIMIT", 11]]
  [1m[36mUser Load (0.2ms)[0m  [1m[34mSELECT "users".* FROM "users"[0m
  [1m[36mUser Load (0.2ms)[0m  [1m[34mSELECT "users".* FROM "users"[0m
  [1m[36mPlant Load (0.2ms)[0m  [1m[34mSELECT  "plants".* FROM "plants" WHERE "plants"."user_id" = ? LIMIT ?[0m  [["user_id", 4], ["LIMIT", 11]]
  [1m[35m (0.1ms)[0m  [1m[34mSELECT "schema_migrations"."version" FROM "schema_migrations" ORDER BY "schema_migrations"."version" ASC[0m
  ↳ /Users/derektownsend/.rvm/rubies/ruby-2.6.1/lib/ruby/gems/2.6.0/gems/rake-12.3.2/lib/rake/task.rb:273
  [1m[36mUser Load (0.1ms)[0m  [1m[34mSELECT "users".* FROM "users"[0m
  ↳ db/seeds.rb:1
  [1m[35m (0.1ms)[0m  [1m[36mbegin transaction[0m
  ↳ db/seeds.rb:1
  [1m[36mUser Destroy (1.2ms)[0m  [1m[31mDELETE FROM "users" WHERE "users"."id" = ?[0m  [["id", 1]]
  ↳ db/seeds.rb:1
  [1m[35m (0.8ms)[0m  [1m[36mcommit transaction[0m
  ↳ db/seeds.rb:1
  [1m[35m (0.0ms)[0m  [1m[36mbegin transaction[0m
  ↳ db/seeds.rb:1
  [1m[36mUser Destroy (0.3ms)[0m  [1m[31mDELETE FROM "users" WHERE "users"."id" = ?[0m  [["id", 2]]
  ↳ db/seeds.rb:1
  [1m[35m (0.7ms)[0m  [1m[36mcommit transaction[0m
  ↳ db/seeds.rb:1
  [1m[35m (0.0ms)[0m  [1m[36mbegin transaction[0m
  ↳ db/seeds.rb:1
  [1m[36mUser Destroy (0.3ms)[0m  [1m[31mDELETE FROM "users" WHERE "users"."id" = ?[0m  [["id", 3]]
  ↳ db/seeds.rb:1
  [1m[35m (0.8ms)[0m  [1m[36mcommit transaction[0m
  ↳ db/seeds.rb:1
  [1m[35m (0.0ms)[0m  [1m[36mbegin transaction[0m
  ↳ db/seeds.rb:1
  [1m[36mUser Destroy (0.3ms)[0m  [1m[31mDELETE FROM "users" WHERE "users"."id" = ?[0m  [["id", 4]]
  ↳ db/seeds.rb:1
  [1m[35m (0.8ms)[0m  [1m[36mcommit transaction[0m
  ↳ db/seeds.rb:1
  [1m[36mPlant Load (0.1ms)[0m  [1m[34mSELECT "plants".* FROM "plants"[0m
  ↳ db/seeds.rb:2
  [1m[35m (0.0ms)[0m  [1m[36mbegin transaction[0m
  ↳ db/seeds.rb:12
  [1m[36mUser Exists (0.1ms)[0m  [1m[34mSELECT  1 AS one FROM "users" WHERE "users"."username" = ? LIMIT ?[0m  [["username", "Micheal_Is_King"], ["LIMIT", 1]]
  ↳ db/seeds.rb:12
  [1m[36mUser Create (0.3ms)[0m  [1m[32mINSERT INTO "users" ("name", "username", "password_digest", "created_at", "updated_at") VALUES (?, ?, ?, ?, ?)[0m  [["name", "Micheal Alfred"], ["username", "Micheal_Is_King"], ["password_digest", "$2a$10$3DgQAD4IzD3BT2agNKXuxOak7RwvbXPmIlkGuvT/CQtzdLrTW0YeS"], ["created_at", "2019-06-18 20:42:04.404836"], ["updated_at", "2019-06-18 20:42:04.404836"]]
  ↳ db/seeds.rb:12
  [1m[35m (0.6ms)[0m  [1m[36mcommit transaction[0m
  ↳ db/seeds.rb:12
  [1m[35m (0.1ms)[0m  [1m[36mbegin transaction[0m
  ↳ db/seeds.rb:12
  [1m[36mUser Exists (0.1ms)[0m  [1m[34mSELECT  1 AS one FROM "users" WHERE "users"."username" = ? LIMIT ?[0m  [["username", "Dave_Is_King"], ["LIMIT", 1]]
  ↳ db/seeds.rb:12
  [1m[36mUser Create (0.3ms)[0m  [1m[32mINSERT INTO "users" ("name", "username", "password_digest", "created_at", "updated_at") VALUES (?, ?, ?, ?, ?)[0m  [["name", "Dave Alfred"], ["username", "Dave_Is_King"], ["password_digest", "$2a$10$JLYzoB3DkLdl9uQemAny1.q0CJ0HVRIeS/YZYU9NIbMQje.Ex2XXW"], ["created_at", "2019-06-18 20:42:04.475679"], ["updated_at", "2019-06-18 20:42:04.475679"]]
  ↳ db/seeds.rb:12
  [1m[35m (1.3ms)[0m  [1m[36mcommit transaction[0m
  ↳ db/seeds.rb:12
  [1m[35m (0.0ms)[0m  [1m[36mbegin transaction[0m
  ↳ db/seeds.rb:12
  [1m[36mUser Exists (0.1ms)[0m  [1m[34mSELECT  1 AS one FROM "users" WHERE "users"."username" = ? LIMIT ?[0m  [["username", "Jane_Is_Queen"], ["LIMIT", 1]]
  ↳ db/seeds.rb:12
  [1m[36mUser Create (0.3ms)[0m  [1m[32mINSERT INTO "users" ("name", "username", "password_digest", "created_at", "updated_at") VALUES (?, ?, ?, ?, ?)[0m  [["name", "Jane Alfred"], ["username", "Jane_Is_Queen"], ["password_digest", "$2a$10$I1xg80BP8mdfMQLIdwMA9.kZ8NSD3zeQjYN9/RYHoS3k66N/EMOz2"], ["created_at", "2019-06-18 20:42:04.536790"], ["updated_at", "2019-06-18 20:42:04.536790"]]
  ↳ db/seeds.rb:12
  [1m[35m (0.8ms)[0m  [1m[36mcommit transaction[0m
  ↳ db/seeds.rb:12
  [1m[35m (0.0ms)[0m  [1m[36mbegin transaction[0m
  ↳ db/seeds.rb:12
  [1m[36mUser Exists (0.1ms)[0m  [1m[34mSELECT  1 AS one FROM "users" WHERE "users"."username" = ? LIMIT ?[0m  [["username", "John_Is_King"], ["LIMIT", 1]]
  ↳ db/seeds.rb:12
  [1m[36mUser Create (0.2ms)[0m  [1m[32mINSERT INTO "users" ("name", "username", "password_digest", "created_at", "updated_at") VALUES (?, ?, ?, ?, ?)[0m  [["name", "John Alfred"], ["username", "John_Is_King"], ["password_digest", "$2a$10$fAEByb35.K41ZtWa.qCpfOZWuvCoPKyzZ9bVJ6PIu23tduqvI7J1O"], ["created_at", "2019-06-18 20:42:04.601174"], ["updated_at", "2019-06-18 20:42:04.601174"]]
  ↳ db/seeds.rb:12
  [1m[35m (1.1ms)[0m  [1m[36mcommit transaction[0m
  ↳ db/seeds.rb:12
  [1m[35m (0.1ms)[0m  [1m[36mbegin transaction[0m
  ↳ db/seeds.rb:12
  [1m[36mUser Exists (0.3ms)[0m  [1m[34mSELECT  1 AS one FROM "users" WHERE "users"."username" = ? LIMIT ?[0m  [["username", "Jenny_Is_Queen"], ["LIMIT", 1]]
  ↳ db/seeds.rb:12
  [1m[36mUser Create (0.7ms)[0m  [1m[32mINSERT INTO "users" ("name", "username", "password_digest", "created_at", "updated_at") VALUES (?, ?, ?, ?, ?)[0m  [["name", "Jenny Alfred"], ["username", "Jenny_Is_Queen"], ["password_digest", "$2a$10$hYh6mO.fwORt1OnVOvuk5O2b8jLAVzMG3BHO1APXCIHL3BBiYa2QC"], ["created_at", "2019-06-18 20:42:04.730575"], ["updated_at", "2019-06-18 20:42:04.730575"]]
  ↳ db/seeds.rb:12
  [1m[35m (2.5ms)[0m  [1m[36mcommit transaction[0m
  ↳ db/seeds.rb:12
  [1m[36mUser Load (0.2ms)[0m  [1m[34mSELECT "users".* FROM "users"[0m
  ↳ db/seeds.rb:22
  [1m[36mUser Load (0.2ms)[0m  [1m[34mSELECT "users".* FROM "users"[0m
  ↳ db/seeds.rb:22
  [1m[36mUser Load (0.2ms)[0m  [1m[34mSELECT "users".* FROM "users"[0m
  ↳ db/seeds.rb:22
  [1m[36mUser Load (0.1ms)[0m  [1m[34mSELECT "users".* FROM "users"[0m
  ↳ db/seeds.rb:22
  [1m[36mUser Load (0.1ms)[0m  [1m[34mSELECT "users".* FROM "users"[0m
  ↳ db/seeds.rb:22
  [1m[35m (0.1ms)[0m  [1m[36mbegin transaction[0m
  ↳ db/seeds.rb:24
  [1m[35m (0.1ms)[0m  [1m[31mrollback transaction[0m
  ↳ db/seeds.rb:24
  [1m[36mUser Load (0.8ms)[0m  [1m[34mSELECT "users".* FROM "users"[0m
  [1m[36mPlant Load (0.2ms)[0m  [1m[34mSELECT  "plants".* FROM "plants" WHERE "plants"."user_id" = ? LIMIT ?[0m  [["user_id", 8], ["LIMIT", 11]]
  [1m[36mPlant Load (0.3ms)[0m  [1m[34mSELECT  "plants".* FROM "plants" LIMIT ?[0m  [["LIMIT", 11]]
  [1m[36mUser Load (0.2ms)[0m  [1m[34mSELECT "users".* FROM "users"[0m
  [1m[36mUser Load (0.2ms)[0m  [1m[34mSELECT "users".* FROM "users"[0m
  [1m[35m (0.1ms)[0m  [1m[36mbegin transaction[0m
  [1m[35m (0.1ms)[0m  [1m[31mrollback transaction[0m
  [1m[36mUser Load (0.2ms)[0m  [1m[34mSELECT "users".* FROM "users"[0m
  [1m[36mFavorite Load (0.3ms)[0m  [1m[34mSELECT  "favorites".* FROM "favorites" WHERE "favorites"."user_id" = ? LIMIT ?[0m  [["user_id", 8], ["LIMIT", 11]]
  [1m[36mUser Load (0.2ms)[0m  [1m[34mSELECT "users".* FROM "users"[0m
  [1m[36mUser Load (0.2ms)[0m  [1m[34mSELECT "users".* FROM "users"[0m
  [1m[36mUser Load (0.2ms)[0m  [1m[34mSELECT "users".* FROM "users"[0m
  [1m[36mPlantLike Load (0.1ms)[0m  [1m[34mSELECT  "plant_likes".* FROM "plant_likes" WHERE "plant_likes"."user_id" = ? LIMIT ?[0m  [["user_id", 8], ["LIMIT", 11]]
  [1m[36mPlant Load (0.2ms)[0m  [1m[34mSELECT  "plants".* FROM "plants" LIMIT ?[0m  [["LIMIT", 11]]
  [1m[36mUser Load (0.2ms)[0m  [1m[34mSELECT "users".* FROM "users"[0m
  [1m[36mUser Load (0.3ms)[0m  [1m[34mSELECT "users".* FROM "users"[0m
  [1m[36mUser Load (0.2ms)[0m  [1m[34mSELECT "users".* FROM "users"[0m
  [1m[36mUser Load (0.2ms)[0m  [1m[34mSELECT "users".* FROM "users"[0m
  [1m[35m (0.1ms)[0m  [1m[36mbegin transaction[0m
  [1m[35m (0.1ms)[0m  [1m[31mrollback transaction[0m
  [1m[36mUser Load (0.2ms)[0m  [1m[34mSELECT  "users".* FROM "users" WHERE "users"."id" = ? LIMIT ?[0m  [["id", 8], ["LIMIT", 1]]
  [1m[35m (0.1ms)[0m  [1m[36mbegin transaction[0m
  [1m[36mUser Load (0.1ms)[0m  [1m[34mSELECT  "users".* FROM "users" WHERE "users"."id" = ? LIMIT ?[0m  [["id", 8], ["LIMIT", 1]]
  [1m[36mPlant Create (2.1ms)[0m  [1m[32mINSERT INTO "plants" ("user_id", "name", "sunlight", "water", "soil", "humidity", "temperature", "climate", "pot_size", "description", "img_url", "created_at", "updated_at") VALUES (?, ?, ?, ?, ?, ?, ?, ?, ?, ?, ?, ?, ?)[0m  [["user_id", 8], ["name", "the abyss"], ["sunlight", "none"], ["water", "none"], ["soil", "none"], ["humidity", "0"], ["temperature", "100000 Kelvin"], ["climate", "none"], ["pot_size", "none"], ["description", "IT CONSUMES US ALL THE END IS HERE PLEASE RUN ITS COMING FOR US ALL DEAR GOD NO I DIDNT THINK IT WAS REAL PLEASE NO NOOOOO NOT LIKE THIS WHY MEEE WHY WHY OH GOD WHYYYYYY"], ["img_url", "https://wallpapercave.com/wp/wp2450319.jpg"], ["created_at", "2019-06-18 20:58:07.898444"], ["updated_at", "2019-06-18 20:58:07.898444"]]
  [1m[35m (2.3ms)[0m  [1m[36mcommit transaction[0m
  [1m[36mUser Load (0.3ms)[0m  [1m[34mSELECT  "users".* FROM "users" INNER JOIN "favorites" ON "users"."id" = "favorites"."user_id" WHERE "favorites"."plant_id" = ? LIMIT ?[0m  [["plant_id", 1], ["LIMIT", 11]]
  [1m[35m (0.1ms)[0m  [1m[34mSELECT "schema_migrations"."version" FROM "schema_migrations" ORDER BY "schema_migrations"."version" ASC[0m
  ↳ /Users/derektownsend/.rvm/rubies/ruby-2.6.1/lib/ruby/gems/2.6.0/gems/rake-12.3.2/lib/rake/task.rb:273
  [1m[36mUser Load (0.1ms)[0m  [1m[34mSELECT "users".* FROM "users"[0m
  ↳ db/seeds.rb:1
  [1m[35m (0.1ms)[0m  [1m[36mbegin transaction[0m
  ↳ db/seeds.rb:1
  [1m[36mUser Destroy (0.4ms)[0m  [1m[31mDELETE FROM "users" WHERE "users"."id" = ?[0m  [["id", 5]]
  ↳ db/seeds.rb:1
  [1m[35m (0.9ms)[0m  [1m[36mcommit transaction[0m
  ↳ db/seeds.rb:1
  [1m[35m (0.0ms)[0m  [1m[36mbegin transaction[0m
  ↳ db/seeds.rb:1
  [1m[36mUser Destroy (0.3ms)[0m  [1m[31mDELETE FROM "users" WHERE "users"."id" = ?[0m  [["id", 6]]
  ↳ db/seeds.rb:1
  [1m[35m (0.6ms)[0m  [1m[36mcommit transaction[0m
  ↳ db/seeds.rb:1
  [1m[35m (0.0ms)[0m  [1m[36mbegin transaction[0m
  ↳ db/seeds.rb:1
  [1m[36mUser Destroy (0.3ms)[0m  [1m[31mDELETE FROM "users" WHERE "users"."id" = ?[0m  [["id", 7]]
  ↳ db/seeds.rb:1
  [1m[35m (0.6ms)[0m  [1m[36mcommit transaction[0m
  ↳ db/seeds.rb:1
  [1m[35m (0.0ms)[0m  [1m[36mbegin transaction[0m
  ↳ db/seeds.rb:1
  [1m[36mUser Destroy (0.6ms)[0m  [1m[31mDELETE FROM "users" WHERE "users"."id" = ?[0m  [["id", 8]]
  ↳ db/seeds.rb:1
  [1m[35m (0.5ms)[0m  [1m[31mrollback transaction[0m
  ↳ db/seeds.rb:1
  [1m[35m (0.1ms)[0m  [1m[34mSELECT "schema_migrations"."version" FROM "schema_migrations" ORDER BY "schema_migrations"."version" ASC[0m
  ↳ /Users/derektownsend/.rvm/rubies/ruby-2.6.1/lib/ruby/gems/2.6.0/gems/rake-12.3.2/lib/rake/task.rb:273
  [1m[35m (0.1ms)[0m  [1m[36mbegin transaction[0m
  ↳ db/seeds.rb:12
  [1m[36mUser Exists (0.1ms)[0m  [1m[34mSELECT  1 AS one FROM "users" WHERE "users"."username" = ? LIMIT ?[0m  [["username", "Micheal_Is_King"], ["LIMIT", 1]]
  ↳ db/seeds.rb:12
  [1m[36mUser Create (0.4ms)[0m  [1m[32mINSERT INTO "users" ("name", "username", "password_digest", "created_at", "updated_at") VALUES (?, ?, ?, ?, ?)[0m  [["name", "Micheal Alfred"], ["username", "Micheal_Is_King"], ["password_digest", "$2a$10$zdovoqPX1bAVgLcG8uusyeRTqM4YMajcjcMDqm87.xTXPR9vYvjw."], ["created_at", "2019-06-18 20:59:42.192932"], ["updated_at", "2019-06-18 20:59:42.192932"]]
  ↳ db/seeds.rb:12
  [1m[35m (0.8ms)[0m  [1m[36mcommit transaction[0m
  ↳ db/seeds.rb:12
  [1m[35m (0.1ms)[0m  [1m[36mbegin transaction[0m
  ↳ db/seeds.rb:12
  [1m[36mUser Exists (0.2ms)[0m  [1m[34mSELECT  1 AS one FROM "users" WHERE "users"."username" = ? LIMIT ?[0m  [["username", "Dave_Is_King"], ["LIMIT", 1]]
  ↳ db/seeds.rb:12
  [1m[36mUser Create (0.3ms)[0m  [1m[32mINSERT INTO "users" ("name", "username", "password_digest", "created_at", "updated_at") VALUES (?, ?, ?, ?, ?)[0m  [["name", "Dave Alfred"], ["username", "Dave_Is_King"], ["password_digest", "$2a$10$gN87WvnAwWW/oUJwDezLIuT0fzv91J9lqdVSLtc6uQ0rj9XN.yO.K"], ["created_at", "2019-06-18 20:59:42.253549"], ["updated_at", "2019-06-18 20:59:42.253549"]]
  ↳ db/seeds.rb:12
  [1m[35m (3.4ms)[0m  [1m[36mcommit transaction[0m
  ↳ db/seeds.rb:12
  [1m[35m (0.0ms)[0m  [1m[36mbegin transaction[0m
  ↳ db/seeds.rb:12
  [1m[36mUser Exists (0.1ms)[0m  [1m[34mSELECT  1 AS one FROM "users" WHERE "users"."username" = ? LIMIT ?[0m  [["username", "Jane_Is_Queen"], ["LIMIT", 1]]
  ↳ db/seeds.rb:12
  [1m[36mUser Create (0.3ms)[0m  [1m[32mINSERT INTO "users" ("name", "username", "password_digest", "created_at", "updated_at") VALUES (?, ?, ?, ?, ?)[0m  [["name", "Jane Alfred"], ["username", "Jane_Is_Queen"], ["password_digest", "$2a$10$hwLw9761qRiky.PH3nr7NO4WWcB9VAa/X6LNgNdbDGiAn5he37Ez6"], ["created_at", "2019-06-18 20:59:42.313175"], ["updated_at", "2019-06-18 20:59:42.313175"]]
  ↳ db/seeds.rb:12
  [1m[35m (0.8ms)[0m  [1m[36mcommit transaction[0m
  ↳ db/seeds.rb:12
  [1m[35m (0.0ms)[0m  [1m[36mbegin transaction[0m
  ↳ db/seeds.rb:12
  [1m[36mUser Exists (0.1ms)[0m  [1m[34mSELECT  1 AS one FROM "users" WHERE "users"."username" = ? LIMIT ?[0m  [["username", "John_Is_King"], ["LIMIT", 1]]
  ↳ db/seeds.rb:12
  [1m[35m (0.0ms)[0m  [1m[31mrollback transaction[0m
  ↳ db/seeds.rb:12
  [1m[35m (0.0ms)[0m  [1m[36mbegin transaction[0m
  ↳ db/seeds.rb:12
  [1m[36mUser Exists (0.1ms)[0m  [1m[34mSELECT  1 AS one FROM "users" WHERE "users"."username" = ? LIMIT ?[0m  [["username", "Jenny_Is_Queen"], ["LIMIT", 1]]
  ↳ db/seeds.rb:12
  [1m[35m (0.0ms)[0m  [1m[31mrollback transaction[0m
  ↳ db/seeds.rb:12
  [1m[36mUser Load (0.1ms)[0m  [1m[34mSELECT "users".* FROM "users"[0m
  ↳ db/seeds.rb:22
  [1m[36mUser Load (0.1ms)[0m  [1m[34mSELECT "users".* FROM "users"[0m
  ↳ db/seeds.rb:22
  [1m[36mUser Load (0.1ms)[0m  [1m[34mSELECT "users".* FROM "users"[0m
  ↳ db/seeds.rb:22
  [1m[36mUser Load (0.1ms)[0m  [1m[34mSELECT "users".* FROM "users"[0m
  ↳ db/seeds.rb:22
  [1m[36mUser Load (0.1ms)[0m  [1m[34mSELECT "users".* FROM "users"[0m
  ↳ db/seeds.rb:22
  [1m[35m (0.0ms)[0m  [1m[36mbegin transaction[0m
  ↳ db/seeds.rb:24
  [1m[36mUser Load (0.1ms)[0m  [1m[34mSELECT  "users".* FROM "users" WHERE "users"."id" = ? LIMIT ?[0m  [["id", 11], ["LIMIT", 1]]
  ↳ db/seeds.rb:24
  [1m[36mPlant Create (0.3ms)[0m  [1m[32mINSERT INTO "plants" ("user_id", "name", "sunlight", "water", "soil", "humidity", "temperature", "climate", "pot_size", "description", "img_url", "created_at", "updated_at") VALUES (?, ?, ?, ?, ?, ?, ?, ?, ?, ?, ?, ?, ?)[0m  [["user_id", 11], ["name", "cactus"], ["sunlight", "lots"], ["water", "very little"], ["soil", "arid"], ["humidity", "90"], ["temperature", "400"], ["climate", "cold"], ["pot_size", "large"], ["description", "WOW HERE WE ARE AGAIN WITH THE HOTEST SUMMER MIX TAPE OF 2010 CACTI IS MY HOME"], ["img_url", "https://cdn.pixabay.com/photo/2016/06/13/07/32/cactus-1453793__340.jpg"], ["created_at", "2019-06-18 20:59:42.445015"], ["updated_at", "2019-06-18 20:59:42.445015"]]
  ↳ db/seeds.rb:24
  [1m[35m (2.1ms)[0m  [1m[36mcommit transaction[0m
  ↳ db/seeds.rb:24
  [1m[35m (0.0ms)[0m  [1m[36mbegin transaction[0m
  ↳ db/seeds.rb:24
  [1m[36mUser Load (0.1ms)[0m  [1m[34mSELECT  "users".* FROM "users" WHERE "users"."id" = ? LIMIT ?[0m  [["id", 11], ["LIMIT", 1]]
  ↳ db/seeds.rb:24
  [1m[36mPlant Create (0.3ms)[0m  [1m[32mINSERT INTO "plants" ("user_id", "name", "sunlight", "water", "soil", "humidity", "temperature", "climate", "pot_size", "description", "img_url", "created_at", "updated_at") VALUES (?, ?, ?, ?, ?, ?, ?, ?, ?, ?, ?, ?, ?)[0m  [["user_id", 11], ["name", "ficus"], ["sunlight", "none"], ["water", "always"], ["soil", "rich"], ["humidity", "10"], ["temperature", "1"], ["climate", "tropical"], ["pot_size", "tiny"], ["description", "WOW HERE WE ARE AGAIN WITH THE HOTEST SUMMER MIX TAPE OF 2010 FICUS IS MY HOME"], ["img_url", "https://images-na.ssl-images-amazon.com/images/I/81Ez5uPN9vL._SY679_.jpg"], ["created_at", "2019-06-18 20:59:42.449361"], ["updated_at", "2019-06-18 20:59:42.449361"]]
  ↳ db/seeds.rb:24
  [1m[35m (0.6ms)[0m  [1m[36mcommit transaction[0m
  ↳ db/seeds.rb:24
  [1m[35m (0.0ms)[0m  [1m[36mbegin transaction[0m
  ↳ db/seeds.rb:24
  [1m[36mUser Load (0.2ms)[0m  [1m[34mSELECT  "users".* FROM "users" WHERE "users"."id" = ? LIMIT ?[0m  [["id", 12], ["LIMIT", 1]]
  ↳ db/seeds.rb:24
  [1m[36mPlant Create (0.4ms)[0m  [1m[32mINSERT INTO "plants" ("user_id", "name", "sunlight", "water", "soil", "humidity", "temperature", "climate", "pot_size", "description", "img_url", "created_at", "updated_at") VALUES (?, ?, ?, ?, ?, ?, ?, ?, ?, ?, ?, ?, ?)[0m  [["user_id", 12], ["name", "human"], ["sunlight", "none"], ["water", "2 liters daily"], ["soil", "poor"], ["humidity", "10"], ["temperature", "98"], ["climate", "cold"], ["pot_size", "largest"], ["description", "WOW HERE WE ARE AGAIN WITH THE HOTEST SUMMER MIX TAPE OF 2010 HUMAN IS MY HOME"], ["img_url", "https://static.designboom.com/wp-content/dbsub/415914/2018-01-12/img_5_1515746637_5caa444b82045a287c33b88ae22a24a4.jpg"], ["created_at", "2019-06-18 20:59:42.487293"], ["updated_at", "2019-06-18 20:59:42.487293"]]
  ↳ db/seeds.rb:24
  [1m[35m (3.1ms)[0m  [1m[36mcommit transaction[0m
  ↳ db/seeds.rb:24
  [1m[35m (0.0ms)[0m  [1m[36mbegin transaction[0m
  ↳ db/seeds.rb:24
  [1m[36mUser Load (0.1ms)[0m  [1m[34mSELECT  "users".* FROM "users" WHERE "users"."id" = ? LIMIT ?[0m  [["id", 10], ["LIMIT", 1]]
  ↳ db/seeds.rb:24
  [1m[36mPlant Create (0.8ms)[0m  [1m[32mINSERT INTO "plants" ("user_id", "name", "sunlight", "water", "soil", "humidity", "temperature", "climate", "pot_size", "description", "img_url", "created_at", "updated_at") VALUES (?, ?, ?, ?, ?, ?, ?, ?, ?, ?, ?, ?, ?)[0m  [["user_id", 10], ["name", "dogwood"], ["sunlight", "none"], ["water", "daily"], ["soil", "rich"], ["humidity", "43"], ["temperature", "40K"], ["climate", "Tundra"], ["pot_size", "Small"], ["description", "WOW HERE WE ARE AGAIN WITH THE HOTEST SUMMER MIX TAPE OF 2010 DOGWOOD IS MY HOME"], ["img_url", "https://cdn.shopify.com/s/files/1/0059/8835/2052/products/Cloud-9-dogwood-450w_grande.jpg?v=1549687022"], ["created_at", "2019-06-18 20:59:42.493635"], ["updated_at", "2019-06-18 20:59:42.493635"]]
  ↳ db/seeds.rb:24
  [1m[35m (0.6ms)[0m  [1m[36mcommit transaction[0m
  ↳ db/seeds.rb:24
  [1m[35m (0.1ms)[0m  [1m[36mbegin transaction[0m
  ↳ db/seeds.rb:24
  [1m[36mUser Load (0.2ms)[0m  [1m[34mSELECT  "users".* FROM "users" WHERE "users"."id" = ? LIMIT ?[0m  [["id", 12], ["LIMIT", 1]]
  ↳ db/seeds.rb:24
  [1m[36mPlant Create (0.5ms)[0m  [1m[32mINSERT INTO "plants" ("user_id", "name", "sunlight", "water", "soil", "humidity", "temperature", "climate", "pot_size", "description", "img_url", "created_at", "updated_at") VALUES (?, ?, ?, ?, ?, ?, ?, ?, ?, ?, ?, ?, ?)[0m  [["user_id", 12], ["name", "the abyss"], ["sunlight", "none"], ["water", "none"], ["soil", "none"], ["humidity", "0"], ["temperature", "100000 Kelvin"], ["climate", "none"], ["pot_size", "none"], ["description", "IT CONSUMES US ALL THE END IS HERE PLEASE RUN ITS COMING FOR US ALL DEAR GOD NO I DIDNT THINK IT WAS REAL PLEASE NO NOOOOO NOT LIKE THIS WHY MEEE WHY WHY OH GOD WHYYYYYY"], ["img_url", "https://wallpapercave.com/wp/wp2450319.jpg"], ["created_at", "2019-06-18 20:59:42.499145"], ["updated_at", "2019-06-18 20:59:42.499145"]]
  ↳ db/seeds.rb:24
  [1m[35m (0.7ms)[0m  [1m[36mcommit transaction[0m
  ↳ db/seeds.rb:24
  [1m[36mPlant Load (0.4ms)[0m  [1m[34mSELECT  "plants".* FROM "plants" LIMIT ?[0m  [["LIMIT", 11]]
  [1m[35m (0.1ms)[0m  [1m[34mSELECT "schema_migrations"."version" FROM "schema_migrations" ORDER BY "schema_migrations"."version" ASC[0m
  ↳ /Users/derektownsend/.rvm/rubies/ruby-2.6.1/lib/ruby/gems/2.6.0/gems/rake-12.3.2/lib/rake/task.rb:273
  [1m[36mPlant Load (0.2ms)[0m  [1m[34mSELECT "plants".* FROM "plants"[0m
  ↳ db/seeds.rb:1
  [1m[35m (0.0ms)[0m  [1m[36mbegin transaction[0m
  ↳ db/seeds.rb:1
  [1m[36mPlant Destroy (0.5ms)[0m  [1m[31mDELETE FROM "plants" WHERE "plants"."id" = ?[0m  [["id", 1]]
  ↳ db/seeds.rb:1
  [1m[35m (0.8ms)[0m  [1m[36mcommit transaction[0m
  ↳ db/seeds.rb:1
  [1m[35m (0.0ms)[0m  [1m[36mbegin transaction[0m
  ↳ db/seeds.rb:1
  [1m[36mPlant Destroy (0.3ms)[0m  [1m[31mDELETE FROM "plants" WHERE "plants"."id" = ?[0m  [["id", 2]]
  ↳ db/seeds.rb:1
  [1m[35m (0.7ms)[0m  [1m[36mcommit transaction[0m
  ↳ db/seeds.rb:1
  [1m[35m (0.0ms)[0m  [1m[36mbegin transaction[0m
  ↳ db/seeds.rb:1
  [1m[36mPlant Destroy (0.3ms)[0m  [1m[31mDELETE FROM "plants" WHERE "plants"."id" = ?[0m  [["id", 3]]
  ↳ db/seeds.rb:1
  [1m[35m (0.6ms)[0m  [1m[36mcommit transaction[0m
  ↳ db/seeds.rb:1
  [1m[35m (0.0ms)[0m  [1m[36mbegin transaction[0m
  ↳ db/seeds.rb:1
  [1m[36mPlant Destroy (0.3ms)[0m  [1m[31mDELETE FROM "plants" WHERE "plants"."id" = ?[0m  [["id", 4]]
  ↳ db/seeds.rb:1
  [1m[35m (1.0ms)[0m  [1m[36mcommit transaction[0m
  ↳ db/seeds.rb:1
  [1m[35m (0.0ms)[0m  [1m[36mbegin transaction[0m
  ↳ db/seeds.rb:1
  [1m[36mPlant Destroy (0.3ms)[0m  [1m[31mDELETE FROM "plants" WHERE "plants"."id" = ?[0m  [["id", 5]]
  ↳ db/seeds.rb:1
  [1m[35m (1.7ms)[0m  [1m[36mcommit transaction[0m
  ↳ db/seeds.rb:1
  [1m[35m (0.2ms)[0m  [1m[36mbegin transaction[0m
  ↳ db/seeds.rb:1
  [1m[36mPlant Destroy (0.8ms)[0m  [1m[31mDELETE FROM "plants" WHERE "plants"."id" = ?[0m  [["id", 6]]
  ↳ db/seeds.rb:1
  [1m[35m (0.7ms)[0m  [1m[36mcommit transaction[0m
  ↳ db/seeds.rb:1
  [1m[36mUser Load (0.2ms)[0m  [1m[34mSELECT "users".* FROM "users"[0m
  ↳ db/seeds.rb:2
  [1m[35m (0.0ms)[0m  [1m[36mbegin transaction[0m
  ↳ db/seeds.rb:2
  [1m[36mUser Destroy (0.3ms)[0m  [1m[31mDELETE FROM "users" WHERE "users"."id" = ?[0m  [["id", 8]]
  ↳ db/seeds.rb:2
  [1m[35m (2.7ms)[0m  [1m[36mcommit transaction[0m
  ↳ db/seeds.rb:2
  [1m[35m (0.1ms)[0m  [1m[36mbegin transaction[0m
  ↳ db/seeds.rb:2
  [1m[36mUser Destroy (0.5ms)[0m  [1m[31mDELETE FROM "users" WHERE "users"."id" = ?[0m  [["id", 9]]
  ↳ db/seeds.rb:2
  [1m[35m (1.6ms)[0m  [1m[36mcommit transaction[0m
  ↳ db/seeds.rb:2
  [1m[35m (0.0ms)[0m  [1m[36mbegin transaction[0m
  ↳ db/seeds.rb:2
  [1m[36mUser Destroy (0.4ms)[0m  [1m[31mDELETE FROM "users" WHERE "users"."id" = ?[0m  [["id", 10]]
  ↳ db/seeds.rb:2
  [1m[35m (1.9ms)[0m  [1m[36mcommit transaction[0m
  ↳ db/seeds.rb:2
  [1m[35m (0.0ms)[0m  [1m[36mbegin transaction[0m
  ↳ db/seeds.rb:2
  [1m[36mUser Destroy (0.4ms)[0m  [1m[31mDELETE FROM "users" WHERE "users"."id" = ?[0m  [["id", 11]]
  ↳ db/seeds.rb:2
  [1m[35m (0.6ms)[0m  [1m[36mcommit transaction[0m
  ↳ db/seeds.rb:2
  [1m[35m (0.1ms)[0m  [1m[36mbegin transaction[0m
  ↳ db/seeds.rb:2
  [1m[36mUser Destroy (0.5ms)[0m  [1m[31mDELETE FROM "users" WHERE "users"."id" = ?[0m  [["id", 12]]
  ↳ db/seeds.rb:2
  [1m[35m (0.6ms)[0m  [1m[36mcommit transaction[0m
  ↳ db/seeds.rb:2
  [1m[35m (0.0ms)[0m  [1m[36mbegin transaction[0m
  ↳ db/seeds.rb:12
  [1m[36mUser Exists (0.1ms)[0m  [1m[34mSELECT  1 AS one FROM "users" WHERE "users"."username" = ? LIMIT ?[0m  [["username", "Micheal_Is_King"], ["LIMIT", 1]]
  ↳ db/seeds.rb:12
  [1m[36mUser Create (0.3ms)[0m  [1m[32mINSERT INTO "users" ("name", "username", "password_digest", "created_at", "updated_at") VALUES (?, ?, ?, ?, ?)[0m  [["name", "Micheal Alfred"], ["username", "Micheal_Is_King"], ["password_digest", "$2a$10$BXuw3I7UWyDQH5eat6KUd.uCoga/uvYYE8NqdVek.8WrkJILtDBbe"], ["created_at", "2019-06-18 21:00:26.319656"], ["updated_at", "2019-06-18 21:00:26.319656"]]
  ↳ db/seeds.rb:12
  [1m[35m (2.2ms)[0m  [1m[36mcommit transaction[0m
  ↳ db/seeds.rb:12
  [1m[35m (0.0ms)[0m  [1m[36mbegin transaction[0m
  ↳ db/seeds.rb:12
  [1m[36mUser Exists (0.1ms)[0m  [1m[34mSELECT  1 AS one FROM "users" WHERE "users"."username" = ? LIMIT ?[0m  [["username", "Dave_Is_King"], ["LIMIT", 1]]
  ↳ db/seeds.rb:12
  [1m[36mUser Create (0.3ms)[0m  [1m[32mINSERT INTO "users" ("name", "username", "password_digest", "created_at", "updated_at") VALUES (?, ?, ?, ?, ?)[0m  [["name", "Dave Alfred"], ["username", "Dave_Is_King"], ["password_digest", "$2a$10$nCAdvNybb7rk5RXIi0u9x.0YkmpO5Evc/L8CwbU/unrXtdSoiawWm"], ["created_at", "2019-06-18 21:00:26.387280"], ["updated_at", "2019-06-18 21:00:26.387280"]]
  ↳ db/seeds.rb:12
  [1m[35m (0.9ms)[0m  [1m[36mcommit transaction[0m
  ↳ db/seeds.rb:12
  [1m[35m (0.0ms)[0m  [1m[36mbegin transaction[0m
  ↳ db/seeds.rb:12
  [1m[36mUser Exists (0.1ms)[0m  [1m[34mSELECT  1 AS one FROM "users" WHERE "users"."username" = ? LIMIT ?[0m  [["username", "Jane_Is_Queen"], ["LIMIT", 1]]
  ↳ db/seeds.rb:12
  [1m[36mUser Create (0.3ms)[0m  [1m[32mINSERT INTO "users" ("name", "username", "password_digest", "created_at", "updated_at") VALUES (?, ?, ?, ?, ?)[0m  [["name", "Jane Alfred"], ["username", "Jane_Is_Queen"], ["password_digest", "$2a$10$uRyHhlf9hLWxSxx5Mgk0S.ZpcEjl0OlR2OHz2b4qL1/IYG4piZeke"], ["created_at", "2019-06-18 21:00:26.451826"], ["updated_at", "2019-06-18 21:00:26.451826"]]
  ↳ db/seeds.rb:12
  [1m[35m (1.8ms)[0m  [1m[36mcommit transaction[0m
  ↳ db/seeds.rb:12
  [1m[35m (0.0ms)[0m  [1m[36mbegin transaction[0m
  ↳ db/seeds.rb:12
  [1m[36mUser Exists (0.2ms)[0m  [1m[34mSELECT  1 AS one FROM "users" WHERE "users"."username" = ? LIMIT ?[0m  [["username", "John_Is_King"], ["LIMIT", 1]]
  ↳ db/seeds.rb:12
  [1m[36mUser Create (0.3ms)[0m  [1m[32mINSERT INTO "users" ("name", "username", "password_digest", "created_at", "updated_at") VALUES (?, ?, ?, ?, ?)[0m  [["name", "John Alfred"], ["username", "John_Is_King"], ["password_digest", "$2a$10$u4A5VbXIOrtrLkm3VWwrpOuMShaWq4bR4G.xSDyhS.mDuhpmUE5RK"], ["created_at", "2019-06-18 21:00:26.524577"], ["updated_at", "2019-06-18 21:00:26.524577"]]
  ↳ db/seeds.rb:12
  [1m[35m (0.8ms)[0m  [1m[36mcommit transaction[0m
  ↳ db/seeds.rb:12
  [1m[35m (0.1ms)[0m  [1m[36mbegin transaction[0m
  ↳ db/seeds.rb:12
  [1m[36mUser Exists (0.2ms)[0m  [1m[34mSELECT  1 AS one FROM "users" WHERE "users"."username" = ? LIMIT ?[0m  [["username", "Jenny_Is_Queen"], ["LIMIT", 1]]
  ↳ db/seeds.rb:12
  [1m[36mUser Create (0.3ms)[0m  [1m[32mINSERT INTO "users" ("name", "username", "password_digest", "created_at", "updated_at") VALUES (?, ?, ?, ?, ?)[0m  [["name", "Jenny Alfred"], ["username", "Jenny_Is_Queen"], ["password_digest", "$2a$10$o0NchBuZbwcIXfAaKLlxSuNGvOlyfhg7JWR4Z00zOZpBEDKjdSOBa"], ["created_at", "2019-06-18 21:00:26.590280"], ["updated_at", "2019-06-18 21:00:26.590280"]]
  ↳ db/seeds.rb:12
  [1m[35m (1.1ms)[0m  [1m[36mcommit transaction[0m
  ↳ db/seeds.rb:12
  [1m[36mUser Load (0.2ms)[0m  [1m[34mSELECT "users".* FROM "users"[0m
  ↳ db/seeds.rb:22
  [1m[36mUser Load (0.1ms)[0m  [1m[34mSELECT "users".* FROM "users"[0m
  ↳ db/seeds.rb:22
  [1m[36mUser Load (0.1ms)[0m  [1m[34mSELECT "users".* FROM "users"[0m
  ↳ db/seeds.rb:22
  [1m[36mUser Load (0.1ms)[0m  [1m[34mSELECT "users".* FROM "users"[0m
  ↳ db/seeds.rb:22
  [1m[36mUser Load (0.1ms)[0m  [1m[34mSELECT "users".* FROM "users"[0m
  ↳ db/seeds.rb:22
  [1m[35m (0.1ms)[0m  [1m[36mbegin transaction[0m
  ↳ db/seeds.rb:24
  [1m[36mUser Load (0.2ms)[0m  [1m[34mSELECT  "users".* FROM "users" WHERE "users"."id" = ? LIMIT ?[0m  [["id", 16], ["LIMIT", 1]]
  ↳ db/seeds.rb:24
  [1m[36mPlant Create (0.4ms)[0m  [1m[32mINSERT INTO "plants" ("user_id", "name", "sunlight", "water", "soil", "humidity", "temperature", "climate", "pot_size", "description", "img_url", "created_at", "updated_at") VALUES (?, ?, ?, ?, ?, ?, ?, ?, ?, ?, ?, ?, ?)[0m  [["user_id", 16], ["name", "cactus"], ["sunlight", "lots"], ["water", "very little"], ["soil", "arid"], ["humidity", "90"], ["temperature", "400"], ["climate", "cold"], ["pot_size", "large"], ["description", "WOW HERE WE ARE AGAIN WITH THE HOTEST SUMMER MIX TAPE OF 2010 CACTI IS MY HOME"], ["img_url", "https://cdn.pixabay.com/photo/2016/06/13/07/32/cactus-1453793__340.jpg"], ["created_at", "2019-06-18 21:00:26.609769"], ["updated_at", "2019-06-18 21:00:26.609769"]]
  ↳ db/seeds.rb:24
  [1m[35m (0.7ms)[0m  [1m[36mcommit transaction[0m
  ↳ db/seeds.rb:24
  [1m[35m (0.0ms)[0m  [1m[36mbegin transaction[0m
  ↳ db/seeds.rb:24
  [1m[36mUser Load (0.1ms)[0m  [1m[34mSELECT  "users".* FROM "users" WHERE "users"."id" = ? LIMIT ?[0m  [["id", 14], ["LIMIT", 1]]
  ↳ db/seeds.rb:24
  [1m[36mPlant Create (0.3ms)[0m  [1m[32mINSERT INTO "plants" ("user_id", "name", "sunlight", "water", "soil", "humidity", "temperature", "climate", "pot_size", "description", "img_url", "created_at", "updated_at") VALUES (?, ?, ?, ?, ?, ?, ?, ?, ?, ?, ?, ?, ?)[0m  [["user_id", 14], ["name", "ficus"], ["sunlight", "none"], ["water", "always"], ["soil", "rich"], ["humidity", "10"], ["temperature", "1"], ["climate", "tropical"], ["pot_size", "tiny"], ["description", "WOW HERE WE ARE AGAIN WITH THE HOTEST SUMMER MIX TAPE OF 2010 FICUS IS MY HOME"], ["img_url", "https://images-na.ssl-images-amazon.com/images/I/81Ez5uPN9vL._SY679_.jpg"], ["created_at", "2019-06-18 21:00:26.615920"], ["updated_at", "2019-06-18 21:00:26.615920"]]
  ↳ db/seeds.rb:24
  [1m[35m (1.2ms)[0m  [1m[36mcommit transaction[0m
  ↳ db/seeds.rb:24
  [1m[35m (0.1ms)[0m  [1m[36mbegin transaction[0m
  ↳ db/seeds.rb:24
  [1m[36mUser Load (0.1ms)[0m  [1m[34mSELECT  "users".* FROM "users" WHERE "users"."id" = ? LIMIT ?[0m  [["id", 14], ["LIMIT", 1]]
  ↳ db/seeds.rb:24
  [1m[36mPlant Create (0.5ms)[0m  [1m[32mINSERT INTO "plants" ("user_id", "name", "sunlight", "water", "soil", "humidity", "temperature", "climate", "pot_size", "description", "img_url", "created_at", "updated_at") VALUES (?, ?, ?, ?, ?, ?, ?, ?, ?, ?, ?, ?, ?)[0m  [["user_id", 14], ["name", "human"], ["sunlight", "none"], ["water", "2 liters daily"], ["soil", "poor"], ["humidity", "10"], ["temperature", "98"], ["climate", "cold"], ["pot_size", "largest"], ["description", "WOW HERE WE ARE AGAIN WITH THE HOTEST SUMMER MIX TAPE OF 2010 HUMAN IS MY HOME"], ["img_url", "https://static.designboom.com/wp-content/dbsub/415914/2018-01-12/img_5_1515746637_5caa444b82045a287c33b88ae22a24a4.jpg"], ["created_at", "2019-06-18 21:00:26.622103"], ["updated_at", "2019-06-18 21:00:26.622103"]]
  ↳ db/seeds.rb:24
  [1m[35m (0.6ms)[0m  [1m[36mcommit transaction[0m
  ↳ db/seeds.rb:24
  [1m[35m (0.1ms)[0m  [1m[36mbegin transaction[0m
  ↳ db/seeds.rb:24
  [1m[36mUser Load (0.1ms)[0m  [1m[34mSELECT  "users".* FROM "users" WHERE "users"."id" = ? LIMIT ?[0m  [["id", 17], ["LIMIT", 1]]
  ↳ db/seeds.rb:24
  [1m[36mPlant Create (0.3ms)[0m  [1m[32mINSERT INTO "plants" ("user_id", "name", "sunlight", "water", "soil", "humidity", "temperature", "climate", "pot_size", "description", "img_url", "created_at", "updated_at") VALUES (?, ?, ?, ?, ?, ?, ?, ?, ?, ?, ?, ?, ?)[0m  [["user_id", 17], ["name", "dogwood"], ["sunlight", "none"], ["water", "daily"], ["soil", "rich"], ["humidity", "43"], ["temperature", "40K"], ["climate", "Tundra"], ["pot_size", "Small"], ["description", "WOW HERE WE ARE AGAIN WITH THE HOTEST SUMMER MIX TAPE OF 2010 DOGWOOD IS MY HOME"], ["img_url", "https://cdn.shopify.com/s/files/1/0059/8835/2052/products/Cloud-9-dogwood-450w_grande.jpg?v=1549687022"], ["created_at", "2019-06-18 21:00:26.628215"], ["updated_at", "2019-06-18 21:00:26.628215"]]
  ↳ db/seeds.rb:24
  [1m[35m (0.6ms)[0m  [1m[36mcommit transaction[0m
  ↳ db/seeds.rb:24
  [1m[35m (0.0ms)[0m  [1m[36mbegin transaction[0m
  ↳ db/seeds.rb:24
  [1m[36mUser Load (0.1ms)[0m  [1m[34mSELECT  "users".* FROM "users" WHERE "users"."id" = ? LIMIT ?[0m  [["id", 13], ["LIMIT", 1]]
  ↳ db/seeds.rb:24
  [1m[36mPlant Create (0.3ms)[0m  [1m[32mINSERT INTO "plants" ("user_id", "name", "sunlight", "water", "soil", "humidity", "temperature", "climate", "pot_size", "description", "img_url", "created_at", "updated_at") VALUES (?, ?, ?, ?, ?, ?, ?, ?, ?, ?, ?, ?, ?)[0m  [["user_id", 13], ["name", "the abyss"], ["sunlight", "none"], ["water", "none"], ["soil", "none"], ["humidity", "0"], ["temperature", "100000 Kelvin"], ["climate", "none"], ["pot_size", "none"], ["description", "IT CONSUMES US ALL THE END IS HERE PLEASE RUN ITS COMING FOR US ALL DEAR GOD NO I DIDNT THINK IT WAS REAL PLEASE NO NOOOOO NOT LIKE THIS WHY MEEE WHY WHY OH GOD WHYYYYYY"], ["img_url", "https://wallpapercave.com/wp/wp2450319.jpg"], ["created_at", "2019-06-18 21:00:26.631238"], ["updated_at", "2019-06-18 21:00:26.631238"]]
  ↳ db/seeds.rb:24
  [1m[35m (0.8ms)[0m  [1m[36mcommit transaction[0m
  ↳ db/seeds.rb:24
  [1m[36mPlant Load (0.5ms)[0m  [1m[34mSELECT  "plants".* FROM "plants" LIMIT ?[0m  [["LIMIT", 11]]
  [1m[36mUser Load (0.2ms)[0m  [1m[34mSELECT  "users".* FROM "users" LIMIT ?[0m  [["LIMIT", 11]]
  [1m[36mPlant Load (0.2ms)[0m  [1m[34mSELECT  "plants".* FROM "plants" ORDER BY "plants"."id" ASC LIMIT ?[0m  [["LIMIT", 1]]
  [1m[36mPlant Load (0.2ms)[0m  [1m[34mSELECT  "plants".* FROM "plants" ORDER BY "plants"."id" ASC LIMIT ?[0m  [["LIMIT", 1]]
  [1m[36mPlantLike Load (0.1ms)[0m  [1m[34mSELECT  "plant_likes".* FROM "plant_likes" WHERE "plant_likes"."plant_id" = ? LIMIT ?[0m  [["plant_id", 7], ["LIMIT", 11]]
  [1m[36mPlant Load (0.2ms)[0m  [1m[34mSELECT  "plants".* FROM "plants" ORDER BY "plants"."id" ASC LIMIT ?[0m  [["LIMIT", 1]]
  [1m[36mUser Load (0.3ms)[0m  [1m[34mSELECT  "users".* FROM "users" INNER JOIN "favorites" ON "users"."id" = "favorites"."user_id" WHERE "favorites"."plant_id" = ? LIMIT ?[0m  [["plant_id", 7], ["LIMIT", 11]]
